#
# An unexpected error has been detected by Java Runtime Environment:
#
#  EXCEPTION_ACCESS_VIOLATION (0xc0000005) at pc=0x0000000007ad85dd, pid=6972, tid=1304
#
# Java VM: Java HotSpot(TM) 64-Bit Server VM (10.0-b19 mixed mode windows-amd64)
# Problematic frame:
# C  [zip.dll+0x85dd]
#
# If you would like to submit a bug report, please visit:
#   http://java.sun.com/webapps/bugreport/crash.jsp
# The crash happened outside the Java Virtual Machine in native code.
# See problematic frame for where to report the bug.
#

---------------  T H R E A D  ---------------

Current thread (0x0000000032f9f800):  JavaThread "Image Fetcher 0" daemon [_thread_in_native, id=1304, stack(0x0000000009540000,0x00000000095c0000)]

siginfo: ExceptionCode=0xc0000005, reading address 0x0000000000000018

Registers:
EAX=0x0000000000000000, EBX=0x0000000000000003, ECX=0x0000000031a2c950, EDX=0x0000000000000000
ESP=0x00000000095bc780, EBP=0x0000000032f9f998, ESI=0x0000000031a2c950, EDI=0x0000000000000000
EIP=0x0000000007ad85dd, EFLAGS=0x0000000000010202

Top of Stack: (sp=0x00000000095bc780)
0x00000000095bc780:   0000000000000000 0000000000000000
0x00000000095bc790:   000000003fe260c0 000000000f8abfe1
0x00000000095bc7a0:   0000000000000000 0000000000000000
0x00000000095bc7b0:   0000000031a2c950 0000000032f9f998
0x00000000095bc7c0:   0000000000000003 0000000007ad1f8c
0x00000000095bc7d0:   0000000000000000 00000000000005f8
0x00000000095bc7e0:   0000000000000000 0000000000000000
0x00000000095bc7f0:   0000000000000003 0000000000000000
0x00000000095bc800:   0000000000000570 0000000000000000
0x00000000095bc810:   0000000000000000 0000000000000000
0x00000000095bc820:   0000000000000000 0000000000000000
0x00000000095bc830:   0000000000000000 0000000000000000
0x00000000095bc840:   0000000000000000 0000000000000000
0x00000000095bc850:   0000000000000000 0000000000000000
0x00000000095bc860:   0000000000000000 0000000000000018
0x00000000095bc870:   0000000000000000 0000000000000000 

Instructions: (pc=0x0000000007ad85dd)
0x0000000007ad85cd:   c4 58 5f 5b c3 cc cc 48 53 55 56 57 48 83 ec 28
0x0000000007ad85dd:   4c 8b 52 18 49 8b e9 49 8b f0 4d 85 d2 48 8b d9 


Stack: [0x0000000009540000,0x00000000095c0000],  sp=0x00000000095bc780,  free space=497k
Native frames: (J=compiled Java code, j=interpreted, Vv=VM code, C=native code)
C  [zip.dll+0x85dd]

Java frames: (J=compiled Java code, j=interpreted, Vv=VM code)
v  ~BufferBlob::Interpreter
v  ~BufferBlob::Interpreter
v  ~BufferBlob::Interpreter
J  java.util.zip.InflaterInputStream.read([BII)I
v  ~BufferBlob::Interpreter
v  ~BufferBlob::Interpreter
v  ~BufferBlob::Interpreter
v  ~BufferBlob::Interpreter
v  ~BufferBlob::Interpreter
v  ~BufferBlob::StubRoutines (1)
v  ~BufferBlob::Interpreter
v  ~BufferBlob::Interpreter
v  ~BufferBlob::Interpreter
v  ~BufferBlob::Interpreter
v  ~BufferBlob::Interpreter
v  ~BufferBlob::Interpreter
v  ~BufferBlob::StubRoutines (1)

---------------  P R O C E S S  ---------------

Java Threads: ( => current thread )
  0x0000000032fa0c00 JavaThread "Loader for _view_0" daemon [_thread_blocked, id=4472, stack(0x0000000009640000,0x00000000096c0000)]
  0x0000000032fa0000 JavaThread "Image Fetcher 1" daemon [_thread_blocked, id=1264, stack(0x00000000095c0000,0x0000000009640000)]
=>0x0000000032f9f800 JavaThread "Image Fetcher 0" daemon [_thread_in_native, id=1304, stack(0x0000000009540000,0x00000000095c0000)]
  0x0000000032f9d000 JavaThread "Thread-102" [_thread_blocked, id=4656, stack(0x00000000094c0000,0x0000000009540000)]
  0x0000000032f9d800 JavaThread "Prefs Updater" [_thread_blocked, id=4524, stack(0x000000000a850000,0x000000000a8d0000)]
  0x0000000032f9c400 JavaThread "Foxtrot Single Worker Thread #1" daemon [_thread_blocked, id=1392, stack(0x000000000a5c0000,0x000000000a640000)]
  0x0000000032f9f400 JavaThread "Timer queue for AWT thread" daemon [_thread_blocked, id=4712, stack(0x000000000a740000,0x000000000a7c0000)]
  0x0000000032f9b400 JavaThread "Thread-26" [_thread_blocked, id=5716, stack(0x000000000a4c0000,0x000000000a540000)]
  0x0000000032f9bc00 JavaThread "Thread-24" [_thread_blocked, id=5660, stack(0x0000000011d20000,0x0000000011da0000)]
  0x0000000032f9b000 JavaThread "Active Reference Queue Daemon" daemon [_thread_blocked, id=5124, stack(0x0000000034e60000,0x0000000034ee0000)]
  0x0000000032f9a800 JavaThread "Timer-8" daemon [_thread_blocked, id=5044, stack(0x0000000034de0000,0x0000000034e60000)]
  0x0000000032f9a000 JavaThread "Timer-7" daemon [_thread_blocked, id=1356, stack(0x0000000034d60000,0x0000000034de0000)]
  0x0000000032b73000 JavaThread "Timer-1" [_thread_blocked, id=6256, stack(0x00000000338c0000,0x0000000033940000)]
  0x00000000114cb000 JavaThread "TimerQueue" daemon [_thread_blocked, id=4688, stack(0x0000000031fa0000,0x0000000032020000)]
  0x0000000032946800 JavaThread "AWT-EventQueue-0" [_thread_blocked, id=2148, stack(0x0000000031f20000,0x0000000031fa0000)]
  0x0000000031d0a800 JavaThread "AWT-Shutdown" [_thread_blocked, id=3040, stack(0x0000000031ea0000,0x0000000031f20000)]
  0x0000000031aba800 JavaThread "AWT-Windows" daemon [_thread_in_native, id=6168, stack(0x0000000011c30000,0x0000000011cb0000)]
  0x0000000031ab9800 JavaThread "Java2D Disposer" daemon [_thread_blocked, id=5672, stack(0x0000000011b30000,0x0000000011bb0000)]
  0x00000000114b5c00 JavaThread "Timer-0" [_thread_blocked, id=1100, stack(0x0000000011850000,0x00000000118d0000)]
  0x000000001156ec00 JavaThread "JMI Unnamed Thread" [_thread_in_native, id=2656, stack(0x000000000b4c0000,0x000000000c4c0000)]
  0x000000000fd51400 JavaThread "Low Memory Detector" daemon [_thread_blocked, id=5900, stack(0x000000000fef0000,0x000000000ff70000)]
  0x000000000fd47000 JavaThread "CompilerThread1" daemon [_thread_blocked, id=4856, stack(0x000000002f6a0000,0x00000000306a0000)]
  0x000000000fd3f400 JavaThread "CompilerThread0" daemon [_thread_blocked, id=5980, stack(0x000000002e6a0000,0x000000002f6a0000)]
  0x000000000fd3e000 JavaThread "Attach Listener" daemon [_thread_blocked, id=3800, stack(0x000000000fe70000,0x000000000fef0000)]
  0x000000000fd1b400 JavaThread "Finalizer" daemon [_thread_blocked, id=5940, stack(0x00000000093c0000,0x0000000009440000)]
  0x000000000fd15400 JavaThread "Reference Handler" daemon [_thread_blocked, id=5712, stack(0x0000000009340000,0x00000000093c0000)]
  0x0000000004cdf400 JavaThread "main" [_thread_in_native, id=2180, stack(0x0000000000030000,0x0000000001030000)]

Other Threads:
  0x000000000fd10800 VMThread [stack: 0x000000002d6a0000,0x000000002e6a0000] [id=6380]
  0x000000000fd7d400 WatcherThread [stack: 0x00000000306a0000,0x00000000316a0000] [id=6284]

VM state:not at safepoint (normal execution)

VM Mutex/Monitor currently owned by a thread: None

Heap
 PSYoungGen      total 34752K, used 28573K [0x00000000265a0000, 0x0000000028cb0000, 0x00000000296a0000)
  eden space 33088K, 81% used [0x00000000265a0000,0x0000000027fe7af0,0x00000000285f0000)
  from space 1664K, 99% used [0x00000000287e0000,0x000000002897fa40,0x0000000028980000)
  to   space 2944K, 0% used [0x00000000289d0000,0x00000000289d0000,0x0000000028cb0000)
 PSOldGen        total 78336K, used 71607K [0x000000001d2a0000, 0x0000000021f20000, 0x00000000265a0000)
  object space 78336K, 91% used [0x000000001d2a0000,0x000000002188dc58,0x0000000021f20000)
 PSPermGen       total 103616K, used 56950K [0x00000000152a0000, 0x000000001b7d0000, 0x000000001d2a0000)
  object space 103616K, 54% used [0x00000000152a0000,0x0000000018a3d9c0,0x000000001b7d0000)

Dynamic libraries:
0x0000000140000000 - 0x0000000140032000 	C:\Program Files\MATLAB\R2009a\bin\win64\MATLAB.exe
0x0000000077a40000 - 0x0000000077be9000 	C:\Windows\SYSTEM32\ntdll.dll
0x0000000077820000 - 0x000000007793f000 	C:\Windows\system32\kernel32.dll
0x000007fefdb50000 - 0x000007fefdbbc000 	C:\Windows\system32\KERNELBASE.dll
0x0000000180000000 - 0x0000000180406000 	C:\Program Files\MATLAB\R2009a\bin\win64\libut.dll
0x000007fefe100000 - 0x000007fefe119000 	C:\Windows\system32\imagehlp.dll
0x000007fefefb0000 - 0x000007feff04f000 	C:\Windows\system32\msvcrt.dll
0x000007fefe140000 - 0x000007fefe21b000 	C:\Windows\system32\ADVAPI32.dll
0x000007fefe120000 - 0x000007fefe13f000 	C:\Windows\SYSTEM32\sechost.dll
0x000007feff960000 - 0x000007feffa8d000 	C:\Windows\system32\RPCRT4.dll
0x0000000077c10000 - 0x0000000077c17000 	C:\Windows\system32\PSAPI.DLL
0x00000000010d0000 - 0x00000000010f8000 	C:\Program Files\MATLAB\R2009a\bin\win64\LIBEXPAT.dll
0x000000006fdb0000 - 0x000000006fe79000 	C:\Windows\WinSxS\amd64_microsoft.vc80.crt_1fc8b3b9a1e18e3b_8.0.50727.6229_none_88dcc0bf2fb1b808\MSVCR80.dll
0x000000004a800000 - 0x000000004a923000 	C:\Program Files\MATLAB\R2009a\bin\win64\icuuc38.dll
0x000000004ad00000 - 0x000000004ad03000 	C:\Program Files\MATLAB\R2009a\bin\win64\icudt38.dll
0x000000004ab00000 - 0x000000004ab0f000 	C:\Program Files\MATLAB\R2009a\bin\win64\icuio38.dll
0x0000000001350000 - 0x000000000148a000 	C:\Program Files\MATLAB\R2009a\bin\win64\icuin38.dll
0x00000000648b0000 - 0x00000000649b9000 	C:\Windows\WinSxS\amd64_microsoft.vc80.crt_1fc8b3b9a1e18e3b_8.0.50727.6229_none_88dcc0bf2fb1b808\MSVCP80.dll
0x0000000077940000 - 0x0000000077a3a000 	C:\Windows\system32\USER32.dll
0x000007feffc10000 - 0x000007feffc77000 	C:\Windows\system32\GDI32.dll
0x000007feff950000 - 0x000007feff95e000 	C:\Windows\system32\LPK.dll
0x000007feffc80000 - 0x000007feffd49000 	C:\Windows\system32\USP10.dll
0x0000000001140000 - 0x00000000011ae000 	C:\Program Files\MATLAB\R2009a\bin\win64\libmwfl.dll
0x00000000011c0000 - 0x00000000011cf000 	C:\Program Files\MATLAB\R2009a\bin\win64\boost_date_time-vc80-mt-1_36.dll
0x00000000011e0000 - 0x00000000011f6000 	C:\Program Files\MATLAB\R2009a\bin\win64\boost_signals-vc80-mt-1_36.dll
0x0000000001210000 - 0x0000000001219000 	C:\Program Files\MATLAB\R2009a\bin\win64\boost_system-vc80-mt-1_36.dll
0x0000000001230000 - 0x0000000001241000 	C:\Program Files\MATLAB\R2009a\bin\win64\boost_thread-vc80-mt-1_36.dll
0x00000000014a0000 - 0x00000000016d7000 	C:\Program Files\MATLAB\R2009a\bin\win64\libmwservices.dll
0x00000000016f0000 - 0x0000000001761000 	C:\Program Files\MATLAB\R2009a\bin\win64\libmx.dll
0x0000000001780000 - 0x0000000001797000 	C:\Program Files\MATLAB\R2009a\bin\win64\zlib1.dll
0x00000000017a0000 - 0x00000000018c5000 	C:\Program Files\MATLAB\R2009a\bin\win64\libmwmathutil.dll
0x00000000018e0000 - 0x0000000001935000 	C:\Program Files\MATLAB\R2009a\bin\win64\mpath.dll
0x0000000001950000 - 0x000000000199f000 	C:\Program Files\MATLAB\R2009a\bin\win64\mlutil.dll
0x0000000010000000 - 0x0000000010049000 	C:\Program Files\MATLAB\R2009a\bin\win64\tbb.dll
0x000007fef7670000 - 0x000007fef7710000 	C:\Windows\WinSxS\amd64_microsoft.windows.common-controls_6595b64144ccf1df_5.82.7601.18201_none_a4d3b9377117c3df\COMCTL32.dll
0x000007feffa90000 - 0x000007feffb27000 	C:\Windows\system32\comdlg32.dll
0x000007feff8d0000 - 0x000007feff941000 	C:\Windows\system32\SHLWAPI.dll
0x000007fefe220000 - 0x000007fefefa8000 	C:\Windows\system32\SHELL32.dll
0x000007fefb2a0000 - 0x000007fefb2b6000 	C:\Windows\system32\NETAPI32.dll
0x000007fefb200000 - 0x000007fefb20c000 	C:\Windows\system32\netutils.dll
0x000007fefd360000 - 0x000007fefd383000 	C:\Windows\system32\srvcli.dll
0x000007fefb1c0000 - 0x000007fefb1d5000 	C:\Windows\system32\wkscli.dll
0x000007fefdfa0000 - 0x000007fefdfed000 	C:\Windows\system32\WS2_32.dll
0x000007fefde00000 - 0x000007fefde08000 	C:\Windows\system32\NSI.dll
0x00000000019b0000 - 0x0000000001a32000 	C:\Program Files\MATLAB\R2009a\bin\win64\mcr.dll
0x0000000001a50000 - 0x0000000001ab2000 	C:\Program Files\MATLAB\R2009a\bin\win64\iqm.dll
0x0000000001ad0000 - 0x00000000023b7000 	C:\Program Files\MATLAB\R2009a\bin\win64\m_interpreter.dll
0x00000000023d0000 - 0x00000000023df000 	C:\Program Files\MATLAB\R2009a\bin\win64\libmex.dll
0x00000000023f0000 - 0x0000000002480000 	C:\Program Files\MATLAB\R2009a\bin\win64\m_dispatcher.dll
0x0000000002490000 - 0x00000000024b5000 	C:\Program Files\MATLAB\R2009a\bin\win64\datasvcs.dll
0x0000000012000000 - 0x0000000012295000 	C:\Program Files\MATLAB\R2009a\bin\win64\xerces-c_2_7.dll
0x00000000024e0000 - 0x00000000025d1000 	C:\Program Files\MATLAB\R2009a\bin\win64\boost_regex-vc80-mt-1_36.dll
0x00000000025f0000 - 0x0000000002681000 	C:\Program Files\MATLAB\R2009a\bin\win64\profiler.dll
0x00000000026a0000 - 0x00000000026ca000 	C:\Program Files\MATLAB\R2009a\bin\win64\libmwmathrng.dll
0x00000000026e0000 - 0x00000000026fa000 	C:\Program Files\MATLAB\R2009a\bin\win64\m_pcodeio.dll
0x0000000002710000 - 0x000000000275d000 	C:\Program Files\MATLAB\R2009a\bin\win64\m_ir.dll
0x0000000002770000 - 0x0000000002d76000 	C:\Program Files\MATLAB\R2009a\bin\win64\m_parser.dll
0x0000000002d90000 - 0x0000000002da4000 	C:\Program Files\MATLAB\R2009a\bin\win64\ir_xfmr.dll
0x0000000002dc0000 - 0x0000000003041000 	C:\Program Files\MATLAB\R2009a\bin\win64\mcos.dll
0x0000000003060000 - 0x000000000306c000 	C:\Program Files\MATLAB\R2009a\bin\win64\mtok.dll
0x0000000003080000 - 0x00000000030a0000 	C:\Program Files\MATLAB\R2009a\bin\win64\m_pcodegen.dll
0x000007fef66c0000 - 0x000007fef67e5000 	C:\Windows\system32\dbghelp.dll
0x00000000030b0000 - 0x00000000030d4000 	C:\Program Files\MATLAB\R2009a\bin\win64\bridge.dll
0x00000000030f0000 - 0x00000000031b0000 	C:\Program Files\MATLAB\R2009a\bin\win64\udd.dll
0x00000000031c0000 - 0x0000000003317000 	C:\Program Files\MATLAB\R2009a\bin\win64\libmwgui.dll
0x0000000003330000 - 0x0000000003615000 	C:\Program Files\MATLAB\R2009a\bin\win64\hg.dll
0x0000000003630000 - 0x0000000003662000 	C:\Program Files\MATLAB\R2009a\bin\win64\libmat.dll
0x0000000003680000 - 0x000000000386e000 	C:\Program Files\MATLAB\R2009a\bin\win64\libhdf5.dll
0x0000000003880000 - 0x00000000038e0000 	C:\Program Files\MATLAB\R2009a\bin\win64\jmi.dll
0x00000000038f0000 - 0x0000000003930000 	C:\Program Files\MATLAB\R2009a\bin\win64\libmwhardcopy.dll
0x0000000003940000 - 0x0000000003998000 	C:\Program Files\MATLAB\R2009a\bin\win64\libuij.dll
0x00000000039b0000 - 0x0000000003aa2000 	C:\Program Files\MATLAB\R2009a\bin\win64\libmwmathlinalg.dll
0x0000000003ac0000 - 0x0000000003e6c000 	C:\Program Files\MATLAB\R2009a\bin\win64\libmwmathelem.dll
0x0000000003e80000 - 0x0000000003eec000 	C:\Program Files\MATLAB\R2009a\bin\win64\libmwmathcore.dll
0x0000000003f00000 - 0x0000000003f62000 	C:\Program Files\MATLAB\R2009a\bin\win64\libmwcholmod.dll
0x0000000003f80000 - 0x0000000003f8d000 	C:\Program Files\MATLAB\R2009a\bin\win64\libmwamd.dll
0x0000000003fa0000 - 0x0000000003fac000 	C:\Program Files\MATLAB\R2009a\bin\win64\libmwcolamd.dll
0x0000000003fc0000 - 0x0000000003fd5000 	C:\Program Files\MATLAB\R2009a\bin\win64\libmwblas.dll
0x0000000003ff0000 - 0x0000000004001000 	C:\Program Files\MATLAB\R2009a\bin\win64\libmwbinder.dll
0x0000000004020000 - 0x000000000409d000 	C:\Program Files\MATLAB\R2009a\bin\win64\libmwlapack.dll
0x00000000040b0000 - 0x00000000040eb000 	C:\Program Files\MATLAB\R2009a\bin\win64\libmwrookfastbp.dll
0x0000000004100000 - 0x000000000414c000 	C:\Program Files\MATLAB\R2009a\bin\win64\libmwma57.dll
0x0000000004160000 - 0x000000000427c000 	C:\Program Files\MATLAB\R2009a\bin\win64\libifcoremd.dll
0x0000000004280000 - 0x0000000004550000 	C:\Program Files\MATLAB\R2009a\bin\win64\libmmd.dll
0x0000000004550000 - 0x0000000004560000 	C:\Program Files\MATLAB\R2009a\bin\win64\libmwcsparse.dll
0x0000000004570000 - 0x00000000045de000 	C:\Program Files\MATLAB\R2009a\bin\win64\libmwumfpack.dll
0x00000000045f0000 - 0x00000000046dd000 	C:\Program Files\MATLAB\R2009a\bin\win64\hgdatatypes.dll
0x00000000046f0000 - 0x0000000004934000 	C:\Program Files\MATLAB\R2009a\bin\win64\uiw.dll
0x0000000004950000 - 0x000000000495a000 	C:\Program Files\MATLAB\R2009a\bin\win64\uinone.dll
0x0000000064710000 - 0x00000000648ac000 	C:\Windows\WinSxS\amd64_microsoft.vc80.mfc_1fc8b3b9a1e18e3b_8.0.50727.6195_none_8448b2bd328df189\MFC80.DLL
0x000007fef96f0000 - 0x000007fef9761000 	C:\Windows\system32\WINSPOOL.DRV
0x000007feff350000 - 0x000007feff553000 	C:\Windows\system32\ole32.dll
0x000007feffb30000 - 0x000007feffc07000 	C:\Windows\system32\OLEAUT32.dll
0x0000000004970000 - 0x0000000004a1b000 	C:\Program Files\MATLAB\R2009a\bin\win64\udd_mi.dll
0x0000000004a30000 - 0x0000000004a48000 	C:\Program Files\MATLAB\R2009a\bin\win64\mwoles05.DLL
0x0000000004a60000 - 0x0000000004aca000 	C:\Program Files\MATLAB\R2009a\bin\win64\comcli.dll
0x000000006c920000 - 0x000000006c940000 	C:\Windows\WinSxS\amd64_microsoft.vc80.atl_1fc8b3b9a1e18e3b_8.0.50727.6195_none_8a1dd9552ed7f8d8\ATL80.DLL
0x0000000004ae0000 - 0x0000000004aee000 	C:\Program Files\MATLAB\R2009a\bin\win64\mlautoregister.dll
0x000007feff050000 - 0x000007feff07e000 	C:\Windows\system32\IMM32.DLL
0x000007fefdff0000 - 0x000007fefe0f9000 	C:\Windows\system32\MSCTF.dll
0x0000000070160000 - 0x000000007016d000 	C:\Windows\WinSxS\amd64_microsoft.vc80.mfcloc_1fc8b3b9a1e18e3b_8.0.50727.6195_none_bc20f59b0bdd1acd\MFC80ENU.DLL
0x000007fefd810000 - 0x000007fefd81f000 	C:\Windows\system32\profapi.dll
0x000007fefd660000 - 0x000007fefd66f000 	C:\Windows\system32\CRYPTBASE.dll
0x000007fefbd30000 - 0x000007fefbd86000 	C:\Windows\system32\uxtheme.dll
0x000007fefc1e0000 - 0x000007fefc3d4000 	C:\Windows\WinSxS\amd64_microsoft.windows.common-controls_6595b64144ccf1df_6.0.7601.17514_none_fa396087175ac9ac\comctl32.dll
0x000007feff830000 - 0x000007feff8c9000 	C:\Windows\system32\CLBCatQ.DLL
0x000007fefdc20000 - 0x000007fefddf7000 	C:\Windows\system32\SETUPAPI.dll
0x000007fefdb10000 - 0x000007fefdb46000 	C:\Windows\system32\CFGMGR32.dll
0x000007fefd8f0000 - 0x000007fefd90a000 	C:\Windows\system32\DEVOBJ.dll
0x000007fefbdf0000 - 0x000007fefbf1c000 	C:\Windows\system32\propsys.dll
0x000007fefc870000 - 0x000007fefc89d000 	C:\Windows\system32\ntmarta.dll
0x000007fefdbc0000 - 0x000007fefdc12000 	C:\Windows\system32\WLDAP32.dll
0x000007fefb4a0000 - 0x000007fefb4c7000 	C:\Windows\system32\iphlpapi.dll
0x000007fefb470000 - 0x000007fefb47b000 	C:\Windows\system32\WINNSI.DLL
0x000007fefce20000 - 0x000007fefce7b000 	C:\Windows\system32\DNSAPI.dll
0x000007fefb210000 - 0x000007fefb228000 	C:\Windows\system32\dhcpcsvc.DLL
0x000007fefb1e0000 - 0x000007fefb1f1000 	C:\Windows\system32\dhcpcsvc6.DLL
0x00000000708a0000 - 0x00000000708a3000 	C:\Windows\system32\icmp.Dll
0x000000000f6c0000 - 0x000000000fc6a000 	C:\Program Files\MATLAB\R2009a\sys\java\jre\win64\jre\bin\server\jvm.dll
0x000007fefa150000 - 0x000007fefa18b000 	C:\Windows\system32\WINMM.dll
0x0000000007560000 - 0x000000000756a000 	C:\Program Files\MATLAB\R2009a\sys\java\jre\win64\jre\bin\hpi.dll
0x0000000007640000 - 0x000000000764e000 	C:\Program Files\MATLAB\R2009a\sys\java\jre\win64\jre\bin\verify.dll
0x0000000007aa0000 - 0x0000000007ac7000 	C:\Program Files\MATLAB\R2009a\sys\java\jre\win64\jre\bin\java.dll
0x0000000007ad0000 - 0x0000000007ae2000 	C:\Program Files\MATLAB\R2009a\sys\java\jre\win64\jre\bin\zip.dll
0x00000000081b0000 - 0x00000000081d1000 	C:\Program Files\MATLAB\R2009a\bin\win64\nativejava.dll
0x000000000ff70000 - 0x000000000ff98000 	C:\Program Files\MATLAB\R2009a\bin\win64\nativejmi.dll
0x000000000ffa0000 - 0x000000000ffa7000 	C:\Program Files\MATLAB\R2009a\bin\win64\nativeservices.dll
0x0000000011990000 - 0x0000000011b2f000 	C:\Program Files\MATLAB\R2009a\sys\java\jre\win64\jre\bin\awt.dll

VM Arguments:
jvm_args: -Xss512k -XX:PermSize=32m -Xms64m -XX:NewRatio=3 -XX:MaxPermSize=128m -Xmx196m -XX:MaxDirectMemorySize=2147400000 -Dsun.java2d.noddraw=true -Dsun.awt.nopixfmt=true -Xshare:off -Xrs -Djava.library.path=C:\Program Files\MATLAB\R2009a\bin\win64 vfprintf abort 
java_command: <unknown>
Launcher Type: generic

Environment Variables:
PATH=C:\Program Files\Common Files\Microsoft Shared\Windows Live;C:\Program Files (x86)\Common Files\Microsoft Shared\Windows Live;C:\ProgramData\Oracle\Java\javapath;C:\Windows\system32;C:\Windows;C:\Windows\System32\Wbem;C:\Windows\System32\WindowsPowerShell\v1.0\;C:\Program Files (x86)\Intel\OpenCL SDK\2.0\bin\x86;C:\Program Files (x86)\Intel\OpenCL SDK\2.0\bin\x64;C:\Program Files\MATLAB\R2009a\bin;C:\Program Files\MATLAB\R2009a\bin\win64;C:\Program Files\Microsoft\Web Platform Installer\;C:\Program Files (x86)\Microsoft ASP.NET\ASP.NET Web Pages\v1.0\;C:\Program Files\Microsoft SQL Server\110\Tools\Binn\;c:\Program Files (x86)\Microsoft SQL Server\100\Tools\Binn\;c:\Program Files\Microsoft SQL Server\100\Tools\Binn\;c:\Program Files\Microsoft SQL Server\100\DTS\Binn\;C:\Program Files (x86)\Windows Kits\8.1\Windows Performance Toolkit\;C:\Program Files (x86)\Microsoft SDKs\TypeScript\1.0\;C:\Cadence\SPB_16.3\tools\pcb\bin;C:\Cadence\SPB_16.3\tools\specctra\bin;C:\Cadence\SPB_16.3\tools\fet\bin;C:\Cadence\SPB_16.3\tools\PSpice;C:\Cadence\SPB_16.3\tools\PSpice\Library;C:\Cadence\SPB_16.3\tools\Capture;C:\Cadence\SPB_16.3\tools\bin;C:\Cadence\SPB_16.3\OpenAccess\bin\win32\opt;C:\OrCAD\OrCAD_10.5\tools\pcb\bin;C:\OrCAD\OrCAD_10.5\tools\fet\bin;C:\OrCAD\OrCAD_10.5\tools\specctra\bin;C:\OrCAD\OrCAD_10.5\tools\bin;C:\OrCAD\OrCAD_10.5\tools\PSpice\Library;C:\OrCAD\OrCAD_10.5\tools\Capture;C:\Program Files (x86)\Windows Live\Shared;C:\Program Files\MiKTeX 2.9\miktex\bin\x64\;C:\Program Files\Common Files\Autodesk Shared\;C:\Program Files (x86)\Autodesk\Backburner\;C:\Program Files (x86)\Nmap
USERNAME=root
OS=Windows_NT
PROCESSOR_IDENTIFIER=Intel64 Family 6 Model 58 Stepping 9, GenuineIntel



---------------  S Y S T E M  ---------------

OS: Windows NT 6.1 Build 7601 Service Pack 1

CPU:total 4 (8 cores per cpu, 2 threads per core) family 6 model 10 stepping 9, cmov, cx8, fxsr, mmx, sse, sse2, sse3, ssse3, ht

Memory: 4k page, physical 8293068k(5108020k free), swap 16584276k(13159016k free)

vm_info: Java HotSpot(TM) 64-Bit Server VM (10.0-b19) for windows-amd64 JRE (1.6.0_04-b12), built on Dec 14 2007 00:44:23 by "java_re" with MS VC++ 8.0

time: Wed Mar 04 11:59:38 2015
elapsed time: 1588 seconds

