#
# An unexpected error has been detected by Java Runtime Environment:
#
#  EXCEPTION_ACCESS_VIOLATION (0xc0000005) at pc=0x00000000077685dd, pid=7032, tid=5680
#
# Java VM: Java HotSpot(TM) 64-Bit Server VM (10.0-b19 mixed mode windows-amd64)
# Problematic frame:
# C  [zip.dll+0x85dd]
#
# If you would like to submit a bug report, please visit:
#   http://java.sun.com/webapps/bugreport/crash.jsp
# The crash happened outside the Java Virtual Machine in native code.
# See problematic frame for where to report the bug.
#

---------------  T H R E A D  ---------------

Current thread (0x0000000033acd000):  JavaThread "Image Fetcher 1" daemon [_thread_in_native, id=5680, stack(0x00000000130b0000,0x0000000013130000)]

siginfo: ExceptionCode=0xc0000005, reading address 0x0000000000000018

Registers:
EAX=0x0000000000000000, EBX=0x0000000000000c33, ECX=0x0000000042269c50, EDX=0x0000000000000000
ESP=0x000000001312cbf0, EBP=0x0000000033acd198, ESI=0x0000000042269c50, EDI=0x0000000000000000
EIP=0x00000000077685dd, EFLAGS=0x0000000000010206

Top of Stack: (sp=0x000000001312cbf0)
0x000000001312cbf0:   0000000033acd000 0000000000000000
0x000000001312cc00:   0000000040bc8cd0 000000000f75bfe1
0x000000001312cc10:   8d4d00dcb9ba5f06 0000000000000000
0x000000001312cc20:   0000000042269c50 0000000033acd198
0x000000001312cc30:   0000000000000c33 0000000007761f8c
0x000000001312cc40:   a17ff948fefd485f d7395fb700000000
0x000000001312cc50:   fa048f13fea4405b 735d934bf8003c2d
0x000000001312cc60:   0000000000000c33 7f60d255353833a0
0x000000001312cc70:   5de053b633fc7f90 a4ef3027351b0262
0x000000001312cc80:   a823d6b81572190e f36818112b12debb
0x000000001312cc90:   c85d65e8998f47f8 c23c9cb23d9f2f7a
0x000000001312cca0:   3efbc17721931e4a 96e2eeac558e7dc3
0x000000001312ccb0:   30823bc7004c86f6 02efdcdc4237f88b
0x000000001312ccc0:   05e33b040497b584 8bfbac7a515587f7
0x000000001312ccd0:   890df5bfd6feaa5a 6dda0a2acfb8e864
0x000000001312cce0:   4233b0899078ee7e 3caf4f843d70dc1f 

Instructions: (pc=0x00000000077685dd)
0x00000000077685cd:   c4 58 5f 5b c3 cc cc 48 53 55 56 57 48 83 ec 28
0x00000000077685dd:   4c 8b 52 18 49 8b e9 49 8b f0 4d 85 d2 48 8b d9 


Stack: [0x00000000130b0000,0x0000000013130000],  sp=0x000000001312cbf0,  free space=498k
Native frames: (J=compiled Java code, j=interpreted, Vv=VM code, C=native code)
C  [zip.dll+0x85dd]

Java frames: (J=compiled Java code, j=interpreted, Vv=VM code)
v  ~BufferBlob::Interpreter
v  ~BufferBlob::Interpreter
v  ~BufferBlob::Interpreter
J  java.util.zip.InflaterInputStream.read([BII)I
v  ~BufferBlob::Interpreter
J  java.io.BufferedInputStream.read1([BII)I
v  ~BufferBlob::Interpreter
v  ~BufferBlob::Interpreter
v  ~BufferBlob::Interpreter
v  ~BufferBlob::Interpreter
v  ~BufferBlob::Interpreter
v  ~BufferBlob::Interpreter
v  ~BufferBlob::Interpreter
J  java.util.zip.InflaterInputStream.read([BII)I
J  java.io.BufferedInputStream.read1([BII)I
J  sun.awt.image.PNGImageDecoder.produceImage()V
v  ~BufferBlob::Interpreter
v  ~BufferBlob::Interpreter
v  ~BufferBlob::Interpreter
v  ~BufferBlob::StubRoutines (1)

---------------  P R O C E S S  ---------------

Java Threads: ( => current thread )
  0x0000000033acbc00 JavaThread "Image Fetcher 3" daemon [_thread_blocked, id=8964, stack(0x000000000c100000,0x000000000c180000)]
  0x0000000033acd400 JavaThread "Image Fetcher 2" daemon [_thread_blocked, id=6636, stack(0x0000000035080000,0x0000000035100000)]
=>0x0000000033acd000 JavaThread "Image Fetcher 1" daemon [_thread_in_native, id=5680, stack(0x00000000130b0000,0x0000000013130000)]
  0x0000000033acc800 JavaThread "Image Fetcher 0" daemon [_thread_blocked, id=8480, stack(0x000000000c080000,0x000000000c100000)]
  0x0000000033acdc00 JavaThread "Thread-3974" [_thread_blocked, id=4232, stack(0x000000000a560000,0x000000000a5e0000)]
  0x0000000033acac00 JavaThread "Timer-390" [_thread_blocked, id=9172, stack(0x000000000a4e0000,0x000000000a560000)]
  0x0000000033fef800 JavaThread "Timer-Clipboard Monitoring" [_thread_blocked, id=6648, stack(0x000000000a050000,0x000000000a0d0000)]
  0x0000000041d84800 JavaThread "Thread-1347" [_thread_blocked, id=8508, stack(0x000000000a150000,0x000000000a1d0000)]
  0x000000004125f400 JavaThread "Thread-1340" [_thread_blocked, id=6356, stack(0x0000000009180000,0x0000000009200000)]
  0x000000004125c000 JavaThread "Timer-MWTextView caret" [_thread_blocked, id=5488, stack(0x000000000a0d0000,0x000000000a150000)]
  0x0000000041d84c00 JavaThread "Timer queue for AWT thread" daemon [_thread_blocked, id=4492, stack(0x0000000009300000,0x0000000009380000)]
  0x0000000033fed400 JavaThread "Swing-Shell" daemon [_thread_blocked, id=7052, stack(0x000000000a200000,0x000000000a280000)]
  0x0000000033fee800 JavaThread "Active Reference Queue Daemon" daemon [_thread_blocked, id=2692, stack(0x0000000012fa0000,0x0000000013020000)]
  0x0000000033fef000 JavaThread "Timer-8" daemon [_thread_blocked, id=6740, stack(0x0000000012e90000,0x0000000012f10000)]
  0x0000000033fedc00 JavaThread "Prefs Updater" [_thread_blocked, id=6248, stack(0x0000000012d30000,0x0000000012db0000)]
  0x0000000033fec000 JavaThread "Timer-6" daemon [_thread_blocked, id=2872, stack(0x00000000351d0000,0x0000000035250000)]
  0x0000000033a83c00 JavaThread "Timer-1" [_thread_blocked, id=5968, stack(0x0000000034bd0000,0x0000000034c50000)]
  0x0000000032e64000 JavaThread "TimerQueue" daemon [_thread_blocked, id=4636, stack(0x00000000347d0000,0x0000000034850000)]
  0x00000000338f0400 JavaThread "AWT-EventQueue-0" [_thread_blocked, id=7160, stack(0x0000000033680000,0x0000000033700000)]
  0x0000000032b7f000 JavaThread "AWT-Windows" daemon [_thread_in_native, id=3936, stack(0x0000000011c30000,0x0000000011cb0000)]
  0x0000000032b7ec00 JavaThread "AWT-Shutdown" [_thread_blocked, id=6444, stack(0x0000000011bb0000,0x0000000011c30000)]
  0x0000000032b7e400 JavaThread "Java2D Disposer" daemon [_thread_blocked, id=5536, stack(0x0000000011b30000,0x0000000011bb0000)]
  0x00000000114a8000 JavaThread "Timer-0" [_thread_blocked, id=1452, stack(0x0000000011850000,0x00000000118d0000)]
  0x000000001154b800 JavaThread "JMI Unnamed Thread" [_thread_in_native, id=6116, stack(0x000000000c180000,0x000000000d180000)]
  0x0000000011132c00 JavaThread "Low Memory Detector" daemon [_thread_blocked, id=1416, stack(0x00000000113d0000,0x0000000011450000)]
  0x000000001112a800 JavaThread "CompilerThread1" daemon [_thread_in_native, id=4440, stack(0x00000000306a0000,0x00000000316a0000)]
  0x0000000011124c00 JavaThread "CompilerThread0" daemon [_thread_blocked, id=752, stack(0x000000002f6a0000,0x00000000306a0000)]
  0x0000000011123c00 JavaThread "Attach Listener" daemon [_thread_blocked, id=2752, stack(0x0000000011350000,0x00000000113d0000)]
  0x00000000110ff000 JavaThread "Finalizer" daemon [_thread_blocked, id=7012, stack(0x00000000112d0000,0x0000000011350000)]
  0x00000000110f9400 JavaThread "Reference Handler" daemon [_thread_blocked, id=4424, stack(0x0000000011250000,0x00000000112d0000)]
  0x0000000004b41400 JavaThread "main" [_thread_in_native, id=1924, stack(0x0000000000030000,0x0000000001030000)]

Other Threads:
  0x00000000110f2c00 VMThread [stack: 0x000000002e6a0000,0x000000002f6a0000] [id=6948]
  0x000000001115c400 WatcherThread [stack: 0x00000000316a0000,0x00000000326a0000] [id=6816]

VM state:not at safepoint (normal execution)

VM Mutex/Monitor currently owned by a thread: None

Heap
 PSYoungGen      total 32896K, used 16674K [0x00000000275a0000, 0x000000002a6a0000, 0x000000002a6a0000)
  eden space 18944K, 14% used [0x00000000275a0000,0x000000002784fcb8,0x0000000028820000)
  from space 13952K, 99% used [0x0000000029760000,0x000000002a4f8c38,0x000000002a500000)
  to   space 15616K, 0% used [0x0000000028820000,0x0000000028820000,0x0000000029760000)
 PSOldGen        total 131584K, used 125426K [0x000000001e2a0000, 0x0000000026320000, 0x00000000275a0000)
  object space 131584K, 95% used [0x000000001e2a0000,0x0000000025d1cbb8,0x0000000026320000)
 PSPermGen       total 75648K, used 66229K [0x00000000162a0000, 0x000000001ac80000, 0x000000001e2a0000)
  object space 75648K, 87% used [0x00000000162a0000,0x000000001a34d700,0x000000001ac80000)

Dynamic libraries:
0x0000000140000000 - 0x0000000140032000 	C:\Program Files\MATLAB\R2009a\bin\win64\MATLAB.exe
0x00000000775f0000 - 0x0000000077799000 	C:\Windows\SYSTEM32\ntdll.dll
0x00000000774d0000 - 0x00000000775ef000 	C:\Windows\system32\kernel32.dll
0x000007fefd600000 - 0x000007fefd66c000 	C:\Windows\system32\KERNELBASE.dll
0x0000000180000000 - 0x0000000180406000 	C:\Program Files\MATLAB\R2009a\bin\win64\libut.dll
0x000007feff170000 - 0x000007feff189000 	C:\Windows\system32\imagehlp.dll
0x000007fefebf0000 - 0x000007fefec8f000 	C:\Windows\system32\msvcrt.dll
0x000007feff5f0000 - 0x000007feff6cb000 	C:\Windows\system32\ADVAPI32.dll
0x000007fefdbc0000 - 0x000007fefdbdf000 	C:\Windows\SYSTEM32\sechost.dll
0x000007feff3b0000 - 0x000007feff4dd000 	C:\Windows\system32\RPCRT4.dll
0x00000000777c0000 - 0x00000000777c7000 	C:\Windows\system32\PSAPI.DLL
0x00000000010d0000 - 0x00000000010f8000 	C:\Program Files\MATLAB\R2009a\bin\win64\LIBEXPAT.dll
0x000000006a8b0000 - 0x000000006a979000 	C:\Windows\WinSxS\amd64_microsoft.vc80.crt_1fc8b3b9a1e18e3b_8.0.50727.6229_none_88dcc0bf2fb1b808\MSVCR80.dll
0x000000004a800000 - 0x000000004a923000 	C:\Program Files\MATLAB\R2009a\bin\win64\icuuc38.dll
0x000000004ad00000 - 0x000000004ad03000 	C:\Program Files\MATLAB\R2009a\bin\win64\icudt38.dll
0x000000004ab00000 - 0x000000004ab0f000 	C:\Program Files\MATLAB\R2009a\bin\win64\icuio38.dll
0x0000000001310000 - 0x000000000144a000 	C:\Program Files\MATLAB\R2009a\bin\win64\icuin38.dll
0x0000000064b30000 - 0x0000000064c39000 	C:\Windows\WinSxS\amd64_microsoft.vc80.crt_1fc8b3b9a1e18e3b_8.0.50727.6229_none_88dcc0bf2fb1b808\MSVCP80.dll
0x00000000773d0000 - 0x00000000774ca000 	C:\Windows\system32\USER32.dll
0x000007feff580000 - 0x000007feff5e7000 	C:\Windows\system32\GDI32.dll
0x000007fefe980000 - 0x000007fefe98e000 	C:\Windows\system32\LPK.dll
0x000007fefdaa0000 - 0x000007fefdb69000 	C:\Windows\system32\USP10.dll
0x0000000001140000 - 0x00000000011ae000 	C:\Program Files\MATLAB\R2009a\bin\win64\libmwfl.dll
0x00000000011c0000 - 0x00000000011cf000 	C:\Program Files\MATLAB\R2009a\bin\win64\boost_date_time-vc80-mt-1_36.dll
0x00000000011e0000 - 0x00000000011f6000 	C:\Program Files\MATLAB\R2009a\bin\win64\boost_signals-vc80-mt-1_36.dll
0x0000000001450000 - 0x0000000001459000 	C:\Program Files\MATLAB\R2009a\bin\win64\boost_system-vc80-mt-1_36.dll
0x0000000001470000 - 0x0000000001481000 	C:\Program Files\MATLAB\R2009a\bin\win64\boost_thread-vc80-mt-1_36.dll
0x00000000014a0000 - 0x00000000016d7000 	C:\Program Files\MATLAB\R2009a\bin\win64\libmwservices.dll
0x00000000016f0000 - 0x0000000001761000 	C:\Program Files\MATLAB\R2009a\bin\win64\libmx.dll
0x0000000001780000 - 0x0000000001797000 	C:\Program Files\MATLAB\R2009a\bin\win64\zlib1.dll
0x00000000017a0000 - 0x00000000018c5000 	C:\Program Files\MATLAB\R2009a\bin\win64\libmwmathutil.dll
0x00000000018e0000 - 0x0000000001935000 	C:\Program Files\MATLAB\R2009a\bin\win64\mpath.dll
0x0000000001950000 - 0x000000000199f000 	C:\Program Files\MATLAB\R2009a\bin\win64\mlutil.dll
0x0000000010000000 - 0x0000000010049000 	C:\Program Files\MATLAB\R2009a\bin\win64\tbb.dll
0x000007fef6d50000 - 0x000007fef6df0000 	C:\Windows\WinSxS\amd64_microsoft.windows.common-controls_6595b64144ccf1df_5.82.7601.18201_none_a4d3b9377117c3df\COMCTL32.dll
0x000007feff4e0000 - 0x000007feff577000 	C:\Windows\system32\comdlg32.dll
0x000007fefeb70000 - 0x000007fefebe1000 	C:\Windows\system32\SHLWAPI.dll
0x000007fefdbf0000 - 0x000007fefe979000 	C:\Windows\system32\SHELL32.dll
0x000007fefa6b0000 - 0x000007fefa6c6000 	C:\Windows\system32\NETAPI32.dll
0x000007fefa680000 - 0x000007fefa68c000 	C:\Windows\system32\netutils.dll
0x000007fefce30000 - 0x000007fefce53000 	C:\Windows\system32\srvcli.dll
0x000007fefa610000 - 0x000007fefa625000 	C:\Windows\system32\wkscli.dll
0x000007fefdb70000 - 0x000007fefdbbd000 	C:\Windows\system32\WS2_32.dll
0x000007fefdbe0000 - 0x000007fefdbe8000 	C:\Windows\system32\NSI.dll
0x00000000019b0000 - 0x0000000001a32000 	C:\Program Files\MATLAB\R2009a\bin\win64\mcr.dll
0x0000000001a50000 - 0x0000000001ab2000 	C:\Program Files\MATLAB\R2009a\bin\win64\iqm.dll
0x0000000001ad0000 - 0x00000000023b7000 	C:\Program Files\MATLAB\R2009a\bin\win64\m_interpreter.dll
0x00000000023d0000 - 0x00000000023df000 	C:\Program Files\MATLAB\R2009a\bin\win64\libmex.dll
0x00000000023f0000 - 0x0000000002480000 	C:\Program Files\MATLAB\R2009a\bin\win64\m_dispatcher.dll
0x0000000002490000 - 0x00000000024b5000 	C:\Program Files\MATLAB\R2009a\bin\win64\datasvcs.dll
0x0000000012000000 - 0x0000000012295000 	C:\Program Files\MATLAB\R2009a\bin\win64\xerces-c_2_7.dll
0x00000000024e0000 - 0x00000000025d1000 	C:\Program Files\MATLAB\R2009a\bin\win64\boost_regex-vc80-mt-1_36.dll
0x00000000025f0000 - 0x0000000002681000 	C:\Program Files\MATLAB\R2009a\bin\win64\profiler.dll
0x00000000026a0000 - 0x00000000026ca000 	C:\Program Files\MATLAB\R2009a\bin\win64\libmwmathrng.dll
0x00000000026e0000 - 0x00000000026fa000 	C:\Program Files\MATLAB\R2009a\bin\win64\m_pcodeio.dll
0x0000000002710000 - 0x000000000275d000 	C:\Program Files\MATLAB\R2009a\bin\win64\m_ir.dll
0x0000000002770000 - 0x0000000002d76000 	C:\Program Files\MATLAB\R2009a\bin\win64\m_parser.dll
0x0000000002d90000 - 0x0000000002da4000 	C:\Program Files\MATLAB\R2009a\bin\win64\ir_xfmr.dll
0x0000000002dc0000 - 0x0000000003041000 	C:\Program Files\MATLAB\R2009a\bin\win64\mcos.dll
0x0000000003060000 - 0x000000000306c000 	C:\Program Files\MATLAB\R2009a\bin\win64\mtok.dll
0x0000000003080000 - 0x00000000030a0000 	C:\Program Files\MATLAB\R2009a\bin\win64\m_pcodegen.dll
0x000007fef6a90000 - 0x000007fef6bb5000 	C:\Windows\system32\dbghelp.dll
0x00000000030b0000 - 0x00000000030d4000 	C:\Program Files\MATLAB\R2009a\bin\win64\bridge.dll
0x00000000030f0000 - 0x00000000031b0000 	C:\Program Files\MATLAB\R2009a\bin\win64\udd.dll
0x00000000031c0000 - 0x0000000003317000 	C:\Program Files\MATLAB\R2009a\bin\win64\libmwgui.dll
0x0000000003330000 - 0x0000000003615000 	C:\Program Files\MATLAB\R2009a\bin\win64\hg.dll
0x0000000003630000 - 0x0000000003662000 	C:\Program Files\MATLAB\R2009a\bin\win64\libmat.dll
0x0000000003680000 - 0x000000000386e000 	C:\Program Files\MATLAB\R2009a\bin\win64\libhdf5.dll
0x0000000003880000 - 0x00000000038e0000 	C:\Program Files\MATLAB\R2009a\bin\win64\jmi.dll
0x00000000038f0000 - 0x0000000003930000 	C:\Program Files\MATLAB\R2009a\bin\win64\libmwhardcopy.dll
0x0000000003940000 - 0x0000000003998000 	C:\Program Files\MATLAB\R2009a\bin\win64\libuij.dll
0x00000000039b0000 - 0x0000000003aa2000 	C:\Program Files\MATLAB\R2009a\bin\win64\libmwmathlinalg.dll
0x0000000003ac0000 - 0x0000000003e6c000 	C:\Program Files\MATLAB\R2009a\bin\win64\libmwmathelem.dll
0x0000000003e80000 - 0x0000000003eec000 	C:\Program Files\MATLAB\R2009a\bin\win64\libmwmathcore.dll
0x0000000003f00000 - 0x0000000003f62000 	C:\Program Files\MATLAB\R2009a\bin\win64\libmwcholmod.dll
0x0000000003f80000 - 0x0000000003f8d000 	C:\Program Files\MATLAB\R2009a\bin\win64\libmwamd.dll
0x0000000003fa0000 - 0x0000000003fac000 	C:\Program Files\MATLAB\R2009a\bin\win64\libmwcolamd.dll
0x0000000003fc0000 - 0x0000000003fd5000 	C:\Program Files\MATLAB\R2009a\bin\win64\libmwblas.dll
0x0000000003ff0000 - 0x0000000004001000 	C:\Program Files\MATLAB\R2009a\bin\win64\libmwbinder.dll
0x0000000004020000 - 0x000000000409d000 	C:\Program Files\MATLAB\R2009a\bin\win64\libmwlapack.dll
0x00000000040b0000 - 0x00000000040eb000 	C:\Program Files\MATLAB\R2009a\bin\win64\libmwrookfastbp.dll
0x0000000004100000 - 0x000000000414c000 	C:\Program Files\MATLAB\R2009a\bin\win64\libmwma57.dll
0x0000000004160000 - 0x000000000427c000 	C:\Program Files\MATLAB\R2009a\bin\win64\libifcoremd.dll
0x0000000004280000 - 0x0000000004550000 	C:\Program Files\MATLAB\R2009a\bin\win64\libmmd.dll
0x0000000004550000 - 0x0000000004560000 	C:\Program Files\MATLAB\R2009a\bin\win64\libmwcsparse.dll
0x0000000004570000 - 0x00000000045de000 	C:\Program Files\MATLAB\R2009a\bin\win64\libmwumfpack.dll
0x00000000045f0000 - 0x00000000046dd000 	C:\Program Files\MATLAB\R2009a\bin\win64\hgdatatypes.dll
0x00000000046f0000 - 0x0000000004934000 	C:\Program Files\MATLAB\R2009a\bin\win64\uiw.dll
0x0000000004950000 - 0x000000000495a000 	C:\Program Files\MATLAB\R2009a\bin\win64\uinone.dll
0x000000005afb0000 - 0x000000005b14c000 	C:\Windows\WinSxS\amd64_microsoft.vc80.mfc_1fc8b3b9a1e18e3b_8.0.50727.6195_none_8448b2bd328df189\MFC80.DLL
0x000007fef9990000 - 0x000007fef9a01000 	C:\Windows\system32\WINSPOOL.DRV
0x000007fefec90000 - 0x000007fefee93000 	C:\Windows\system32\ole32.dll
0x000007feff2d0000 - 0x000007feff3a7000 	C:\Windows\system32\OLEAUT32.dll
0x0000000004970000 - 0x0000000004a1b000 	C:\Program Files\MATLAB\R2009a\bin\win64\udd_mi.dll
0x0000000004a30000 - 0x0000000004a48000 	C:\Program Files\MATLAB\R2009a\bin\win64\mwoles05.DLL
0x0000000004a60000 - 0x0000000004aca000 	C:\Program Files\MATLAB\R2009a\bin\win64\comcli.dll
0x000000006f920000 - 0x000000006f940000 	C:\Windows\WinSxS\amd64_microsoft.vc80.atl_1fc8b3b9a1e18e3b_8.0.50727.6195_none_8a1dd9552ed7f8d8\ATL80.DLL
0x0000000004ae0000 - 0x0000000004aee000 	C:\Program Files\MATLAB\R2009a\bin\win64\mlautoregister.dll
0x000007feff190000 - 0x000007feff1be000 	C:\Windows\system32\IMM32.DLL
0x000007feff1c0000 - 0x000007feff2c9000 	C:\Windows\system32\MSCTF.dll
0x000000006fa40000 - 0x000000006fa4d000 	C:\Windows\WinSxS\amd64_microsoft.vc80.mfcloc_1fc8b3b9a1e18e3b_8.0.50727.6195_none_bc20f59b0bdd1acd\MFC80ENU.DLL
0x000007fefd3c0000 - 0x000007fefd3cf000 	C:\Windows\system32\profapi.dll
0x000007fefd210000 - 0x000007fefd21f000 	C:\Windows\system32\CRYPTBASE.dll
0x000007fefb8d0000 - 0x000007fefb926000 	C:\Windows\system32\uxtheme.dll
0x000007fefbd90000 - 0x000007fefbf84000 	C:\Windows\WinSxS\amd64_microsoft.windows.common-controls_6595b64144ccf1df_6.0.7601.17514_none_fa396087175ac9ac\comctl32.dll
0x000007fefe990000 - 0x000007fefeb67000 	C:\Windows\system32\SETUPAPI.dll
0x000007fefd400000 - 0x000007fefd436000 	C:\Windows\system32\CFGMGR32.dll
0x000007fefd3d0000 - 0x000007fefd3ea000 	C:\Windows\system32\DEVOBJ.dll
0x000007feff6d0000 - 0x000007feff769000 	C:\Windows\system32\CLBCatQ.DLL
0x000007fefba00000 - 0x000007fefbb2c000 	C:\Windows\system32\propsys.dll
0x000007fefb640000 - 0x000007fefb66d000 	C:\Windows\system32\ntmarta.dll
0x000007fefd770000 - 0x000007fefd7c2000 	C:\Windows\system32\WLDAP32.dll
0x000007fefb210000 - 0x000007fefb237000 	C:\Windows\system32\iphlpapi.dll
0x000007fefb1f0000 - 0x000007fefb1fb000 	C:\Windows\system32\WINNSI.DLL
0x000007fefc9d0000 - 0x000007fefca2b000 	C:\Windows\system32\DNSAPI.dll
0x000007feface0000 - 0x000007fefacf8000 	C:\Windows\system32\dhcpcsvc.DLL
0x000007fefaca0000 - 0x000007fefacb1000 	C:\Windows\system32\dhcpcsvc6.DLL
0x000000006fa30000 - 0x000000006fa33000 	C:\Windows\system32\icmp.Dll
0x000000000f570000 - 0x000000000fb1a000 	C:\Program Files\MATLAB\R2009a\sys\java\jre\win64\jre\bin\server\jvm.dll
0x000007fefb3c0000 - 0x000007fefb3fb000 	C:\Windows\system32\WINMM.dll
0x0000000004d20000 - 0x0000000004d2a000 	C:\Program Files\MATLAB\R2009a\sys\java\jre\win64\jre\bin\hpi.dll
0x00000000075c0000 - 0x00000000075ce000 	C:\Program Files\MATLAB\R2009a\sys\java\jre\win64\jre\bin\verify.dll
0x0000000007e50000 - 0x0000000007e77000 	C:\Program Files\MATLAB\R2009a\sys\java\jre\win64\jre\bin\java.dll
0x0000000007760000 - 0x0000000007772000 	C:\Program Files\MATLAB\R2009a\sys\java\jre\win64\jre\bin\zip.dll
0x000007fefb5e0000 - 0x000007fefb5f8000 	C:\Windows\system32\dwmapi.dll
0x0000000007f50000 - 0x0000000007f71000 	C:\Program Files\MATLAB\R2009a\bin\win64\nativejava.dll
0x000000000ff90000 - 0x000000000ffb8000 	C:\Program Files\MATLAB\R2009a\bin\win64\nativejmi.dll
0x000000000ffd0000 - 0x000000000ffd7000 	C:\Program Files\MATLAB\R2009a\bin\win64\nativeservices.dll

VM Arguments:
jvm_args: -Xss512k -XX:PermSize=32m -Xms64m -XX:NewRatio=3 -XX:MaxPermSize=128m -Xmx196m -XX:MaxDirectMemorySize=2147400000 -Dsun.java2d.noddraw=true -Dsun.awt.nopixfmt=true -Xshare:off -Xrs -Djava.library.path=C:\Program Files\MATLAB\R2009a\bin\win64 vfprintf abort 
java_command: <unknown>
Launcher Type: generic

Environment Variables:
PATH=C:\Program Files\Common Files\Microsoft Shared\Windows Live;C:\Program Files (x86)\Common Files\Microsoft Shared\Windows Live;C:\ProgramData\Oracle\Java\javapath;C:\Windows\system32;C:\Windows;C:\Windows\System32\Wbem;C:\Windows\System32\WindowsPowerShell\v1.0\;C:\Program Files (x86)\Intel\OpenCL SDK\2.0\bin\x86;C:\Program Files (x86)\Intel\OpenCL SDK\2.0\bin\x64;C:\Program Files\MATLAB\R2009a\bin;C:\Program Files\MATLAB\R2009a\bin\win64;C:\Program Files\Microsoft\Web Platform Installer\;C:\Program Files (x86)\Microsoft ASP.NET\ASP.NET Web Pages\v1.0\;C:\Program Files\Microsoft SQL Server\110\Tools\Binn\;c:\Program Files (x86)\Microsoft SQL Server\100\Tools\Binn\;c:\Program Files\Microsoft SQL Server\100\Tools\Binn\;c:\Program Files\Microsoft SQL Server\100\DTS\Binn\;C:\Program Files (x86)\Windows Kits\8.1\Windows Performance Toolkit\;C:\Program Files (x86)\Microsoft SDKs\TypeScript\1.0\;C:\Cadence\SPB_16.3\tools\pcb\bin;C:\Cadence\SPB_16.3\tools\specctra\bin;C:\Cadence\SPB_16.3\tools\fet\bin;C:\Cadence\SPB_16.3\tools\PSpice;C:\Cadence\SPB_16.3\tools\PSpice\Library;C:\Cadence\SPB_16.3\tools\Capture;C:\Cadence\SPB_16.3\tools\bin;C:\Cadence\SPB_16.3\OpenAccess\bin\win32\opt;C:\OrCAD\OrCAD_10.5\tools\pcb\bin;C:\OrCAD\OrCAD_10.5\tools\fet\bin;C:\OrCAD\OrCAD_10.5\tools\specctra\bin;C:\OrCAD\OrCAD_10.5\tools\bin;C:\OrCAD\OrCAD_10.5\tools\PSpice\Library;C:\OrCAD\OrCAD_10.5\tools\Capture;C:\Program Files (x86)\Windows Live\Shared;C:\Program Files\MiKTeX 2.9\miktex\bin\x64\;C:\Program Files\Common Files\Autodesk Shared\;C:\Program Files (x86)\Autodesk\Backburner\;C:\Program Files (x86)\Nmap
USERNAME=root
OS=Windows_NT
PROCESSOR_IDENTIFIER=Intel64 Family 6 Model 58 Stepping 9, GenuineIntel



---------------  S Y S T E M  ---------------

OS: Windows NT 6.1 Build 7601 Service Pack 1

CPU:total 4 (8 cores per cpu, 2 threads per core) family 6 model 10 stepping 9, cmov, cx8, fxsr, mmx, sse, sse2, sse3, ssse3, ht

Memory: 4k page, physical 8293068k(5107876k free), swap 16584280k(12066324k free)

vm_info: Java HotSpot(TM) 64-Bit Server VM (10.0-b19) for windows-amd64 JRE (1.6.0_04-b12), built on Dec 14 2007 00:44:23 by "java_re" with MS VC++ 8.0

time: Mon May 11 11:46:44 2015
elapsed time: 337536 seconds

