#
# An unexpected error has been detected by Java Runtime Environment:
#
#  EXCEPTION_ACCESS_VIOLATION (0xc0000005) at pc=0x0000000007ea85dd, pid=4212, tid=1236
#
# Java VM: Java HotSpot(TM) 64-Bit Server VM (10.0-b19 mixed mode windows-amd64)
# Problematic frame:
# C  [zip.dll+0x85dd]
#
# If you would like to submit a bug report, please visit:
#   http://java.sun.com/webapps/bugreport/crash.jsp
# The crash happened outside the Java Virtual Machine in native code.
# See problematic frame for where to report the bug.
#

---------------  T H R E A D  ---------------

Current thread (0x0000000033e02000):  JavaThread "Image Fetcher 3" daemon [_thread_in_native, id=1236, stack(0x0000000009670000,0x00000000096f0000)]

siginfo: ExceptionCode=0xc0000005, reading address 0x0000000000000018

Registers:
EAX=0x0000000000000000, EBX=0x00000000000002cd, ECX=0x0000000041384e20, EDX=0x0000000000000000
ESP=0x00000000096ec580, EBP=0x0000000033e02198, ESI=0x0000000041384e20, EDI=0x0000000000000000
EIP=0x0000000007ea85dd, EFLAGS=0x0000000000010202

Top of Stack: (sp=0x00000000096ec580)
0x00000000096ec580:   0000000000000000 0000000000000000
0x00000000096ec590:   0000000041385340 000000000f9fbfe1
0x00000000096ec5a0:   00000000199ddd70 0000000000000000
0x00000000096ec5b0:   0000000041384e20 0000000033e02198
0x00000000096ec5c0:   00000000000002cd 0000000007ea1f8c
0x00000000096ec5d0:   0000000000000d08 0000000000000000
0x00000000096ec5e0:   00000000199ddd70 0000000000000000
0x00000000096ec5f0:   00000000000002cd 00000000199ddd70
0x00000000096ec600:   0000000000000000 0000000000000000
0x00000000096ec610:   0000000000000000 0000000000000000
0x00000000096ec620:   0000000000000000 0000000000000000
0x00000000096ec630:   0000000000000000 00000000199ddd70
0x00000000096ec640:   00000000199ddd70 0000000000000018
0x00000000096ec650:   0000000000000000 0000000000000000
0x00000000096ec660:   0000000000000000 0000000000000000
0x00000000096ec670:   0000000000000000 0000000000000000 

Instructions: (pc=0x0000000007ea85dd)
0x0000000007ea85cd:   c4 58 5f 5b c3 cc cc 48 53 55 56 57 48 83 ec 28
0x0000000007ea85dd:   4c 8b 52 18 49 8b e9 49 8b f0 4d 85 d2 48 8b d9 


Stack: [0x0000000009670000,0x00000000096f0000],  sp=0x00000000096ec580,  free space=497k
Native frames: (J=compiled Java code, j=interpreted, Vv=VM code, C=native code)
C  [zip.dll+0x85dd]

Java frames: (J=compiled Java code, j=interpreted, Vv=VM code)
v  ~BufferBlob::Interpreter
v  ~BufferBlob::Interpreter
v  ~BufferBlob::Interpreter
J  java.util.zip.InflaterInputStream.read([BII)I
v  ~BufferBlob::Interpreter
v  ~BufferBlob::Interpreter
v  ~BufferBlob::Interpreter
v  ~BufferBlob::Interpreter
v  ~BufferBlob::Interpreter
v  ~BufferBlob::StubRoutines (1)
v  ~BufferBlob::Interpreter
v  ~BufferBlob::Interpreter
v  ~BufferBlob::Interpreter
v  ~BufferBlob::Interpreter
v  ~BufferBlob::Interpreter
v  ~BufferBlob::Interpreter
v  ~BufferBlob::StubRoutines (1)

---------------  P R O C E S S  ---------------

Java Threads: ( => current thread )
=>0x0000000033e02000 JavaThread "Image Fetcher 3" daemon [_thread_in_native, id=1236, stack(0x0000000009670000,0x00000000096f0000)]
  0x0000000033e00400 JavaThread "Image Fetcher 2" daemon [_thread_blocked, id=7568, stack(0x00000000095f0000,0x0000000009670000)]
  0x0000000033e03000 JavaThread "Image Fetcher 1" daemon [_thread_in_native, id=7328, stack(0x0000000009570000,0x00000000095f0000)]
  0x0000000033e03c00 JavaThread "Image Fetcher 0" daemon [_thread_blocked, id=8052, stack(0x00000000094f0000,0x0000000009570000)]
  0x0000000033e03400 JavaThread "Timer queue for AWT thread" daemon [_thread_blocked, id=5068, stack(0x00000000096f0000,0x0000000009770000)]
  0x0000000033e01400 JavaThread "Swing-Shell" daemon [_thread_blocked, id=5680, stack(0x0000000009a50000,0x0000000009ad0000)]
  0x0000000033e01800 JavaThread "Prefs Updater" [_thread_blocked, id=1484, stack(0x0000000009950000,0x00000000099d0000)]
  0x0000000033dff800 JavaThread "Timer-6" daemon [_thread_blocked, id=5484, stack(0x0000000034e60000,0x0000000034ee0000)]
  0x0000000033b51000 JavaThread "Timer-1" [_thread_blocked, id=3152, stack(0x0000000034a20000,0x0000000034aa0000)]
  0x0000000032d9bc00 JavaThread "TimerQueue" daemon [_thread_blocked, id=5728, stack(0x0000000033730000,0x00000000337b0000)]
  0x00000000329f7c00 JavaThread "AWT-EventQueue-0" [_thread_blocked, id=6256, stack(0x0000000033690000,0x0000000033710000)]
  0x0000000032a2b400 JavaThread "AWT-Windows" daemon [_thread_in_native, id=6612, stack(0x0000000011cf0000,0x0000000011d70000)]
  0x0000000032a2ac00 JavaThread "AWT-Shutdown" [_thread_blocked, id=7236, stack(0x0000000011c70000,0x0000000011cf0000)]
  0x0000000032a2a800 JavaThread "Java2D Disposer" daemon [_thread_blocked, id=3976, stack(0x0000000011bf0000,0x0000000011c70000)]
  0x0000000011591800 JavaThread "Timer-0" [_thread_blocked, id=5668, stack(0x0000000011910000,0x0000000011990000)]
  0x00000000115c4400 JavaThread "JMI Unnamed Thread" [_thread_in_native, id=6348, stack(0x000000000c470000,0x000000000d470000)]
  0x000000000fe9f400 JavaThread "Low Memory Detector" daemon [_thread_blocked, id=4728, stack(0x00000000113a0000,0x0000000011420000)]
  0x000000000fe9b000 JavaThread "CompilerThread1" daemon [_thread_blocked, id=7540, stack(0x00000000306a0000,0x00000000316a0000)]
  0x000000000fe91000 JavaThread "CompilerThread0" daemon [_thread_blocked, id=3424, stack(0x000000002f6a0000,0x00000000306a0000)]
  0x000000000fe90000 JavaThread "Attach Listener" daemon [_thread_blocked, id=7748, stack(0x000000000d6f0000,0x000000000d770000)]
  0x000000000fe66000 JavaThread "Finalizer" daemon [_thread_blocked, id=7084, stack(0x000000000d670000,0x000000000d6f0000)]
  0x0000000004c6f800 JavaThread "Reference Handler" daemon [_thread_blocked, id=6416, stack(0x0000000009310000,0x0000000009390000)]
  0x0000000004bb1400 JavaThread "main" [_thread_in_native, id=5304, stack(0x0000000000030000,0x0000000001030000)]

Other Threads:
  0x0000000004c6dc00 VMThread [stack: 0x000000002e6a0000,0x000000002f6a0000] [id=7588]
  0x000000000fec0800 WatcherThread [stack: 0x00000000316a0000,0x00000000326a0000] [id=2464]

VM state:not at safepoint (normal execution)

VM Mutex/Monitor currently owned by a thread: None

Heap
 PSYoungGen      total 30976K, used 15738K [0x00000000275a0000, 0x000000002a270000, 0x000000002a6a0000)
  eden space 16768K, 71% used [0x00000000275a0000,0x000000002815f3a0,0x0000000028600000)
  from space 14208K, 26% used [0x0000000029420000,0x00000000297bf788,0x000000002a200000)
  to   space 14464K, 0% used [0x0000000028600000,0x0000000028600000,0x0000000029420000)
 PSOldGen        total 75584K, used 65700K [0x000000001e2a0000, 0x0000000022c70000, 0x00000000275a0000)
  object space 75584K, 86% used [0x000000001e2a0000,0x00000000222c92e0,0x0000000022c70000)
 PSPermGen       total 92992K, used 56664K [0x00000000162a0000, 0x000000001bd70000, 0x000000001e2a0000)
  object space 92992K, 60% used [0x00000000162a0000,0x00000000199f62b0,0x000000001bd70000)

Dynamic libraries:
0x0000000140000000 - 0x0000000140032000 	C:\Program Files\MATLAB\R2009a\bin\win64\MATLAB.exe
0x0000000076db0000 - 0x0000000076f59000 	C:\Windows\SYSTEM32\ntdll.dll
0x0000000076c90000 - 0x0000000076daf000 	C:\Windows\system32\kernel32.dll
0x000007fefcec0000 - 0x000007fefcf2c000 	C:\Windows\system32\KERNELBASE.dll
0x0000000180000000 - 0x0000000180406000 	C:\Program Files\MATLAB\R2009a\bin\win64\libut.dll
0x000007fefd480000 - 0x000007fefd499000 	C:\Windows\system32\imagehlp.dll
0x000007fefd1d0000 - 0x000007fefd26f000 	C:\Windows\system32\msvcrt.dll
0x000007fefed00000 - 0x000007fefeddb000 	C:\Windows\system32\ADVAPI32.dll
0x000007fefd1b0000 - 0x000007fefd1cf000 	C:\Windows\SYSTEM32\sechost.dll
0x000007fefdcf0000 - 0x000007fefde1d000 	C:\Windows\system32\RPCRT4.dll
0x0000000076f70000 - 0x0000000076f77000 	C:\Windows\system32\PSAPI.DLL
0x00000000010d0000 - 0x00000000010f8000 	C:\Program Files\MATLAB\R2009a\bin\win64\LIBEXPAT.dll
0x0000000073680000 - 0x0000000073749000 	C:\Windows\WinSxS\amd64_microsoft.vc80.crt_1fc8b3b9a1e18e3b_8.0.50727.6229_none_88dcc0bf2fb1b808\MSVCR80.dll
0x000000004a800000 - 0x000000004a923000 	C:\Program Files\MATLAB\R2009a\bin\win64\icuuc38.dll
0x000000004ad00000 - 0x000000004ad03000 	C:\Program Files\MATLAB\R2009a\bin\win64\icudt38.dll
0x000000004ab00000 - 0x000000004ab0f000 	C:\Program Files\MATLAB\R2009a\bin\win64\icuio38.dll
0x00000000012f0000 - 0x000000000142a000 	C:\Program Files\MATLAB\R2009a\bin\win64\icuin38.dll
0x0000000064b50000 - 0x0000000064c59000 	C:\Windows\WinSxS\amd64_microsoft.vc80.crt_1fc8b3b9a1e18e3b_8.0.50727.6229_none_88dcc0bf2fb1b808\MSVCP80.dll
0x0000000076b90000 - 0x0000000076c8a000 	C:\Windows\system32\USER32.dll
0x000007fefd140000 - 0x000007fefd1a7000 	C:\Windows\system32\GDI32.dll
0x000007fefede0000 - 0x000007fefedee000 	C:\Windows\system32\LPK.dll
0x000007fefdc20000 - 0x000007fefdce9000 	C:\Windows\system32\USP10.dll
0x0000000001140000 - 0x00000000011ae000 	C:\Program Files\MATLAB\R2009a\bin\win64\libmwfl.dll
0x00000000011c0000 - 0x00000000011cf000 	C:\Program Files\MATLAB\R2009a\bin\win64\boost_date_time-vc80-mt-1_36.dll
0x0000000001430000 - 0x0000000001446000 	C:\Program Files\MATLAB\R2009a\bin\win64\boost_signals-vc80-mt-1_36.dll
0x0000000001450000 - 0x0000000001459000 	C:\Program Files\MATLAB\R2009a\bin\win64\boost_system-vc80-mt-1_36.dll
0x0000000001470000 - 0x0000000001481000 	C:\Program Files\MATLAB\R2009a\bin\win64\boost_thread-vc80-mt-1_36.dll
0x00000000014a0000 - 0x00000000016d7000 	C:\Program Files\MATLAB\R2009a\bin\win64\libmwservices.dll
0x00000000016f0000 - 0x0000000001761000 	C:\Program Files\MATLAB\R2009a\bin\win64\libmx.dll
0x0000000001780000 - 0x0000000001797000 	C:\Program Files\MATLAB\R2009a\bin\win64\zlib1.dll
0x00000000017a0000 - 0x00000000018c5000 	C:\Program Files\MATLAB\R2009a\bin\win64\libmwmathutil.dll
0x00000000018e0000 - 0x0000000001935000 	C:\Program Files\MATLAB\R2009a\bin\win64\mpath.dll
0x0000000001950000 - 0x000000000199f000 	C:\Program Files\MATLAB\R2009a\bin\win64\mlutil.dll
0x0000000010000000 - 0x0000000010049000 	C:\Program Files\MATLAB\R2009a\bin\win64\tbb.dll
0x000007fef91b0000 - 0x000007fef9250000 	C:\Windows\WinSxS\amd64_microsoft.windows.common-controls_6595b64144ccf1df_5.82.7601.18201_none_a4d3b9377117c3df\COMCTL32.dll
0x000007fefd770000 - 0x000007fefd807000 	C:\Windows\system32\comdlg32.dll
0x000007fefd6f0000 - 0x000007fefd761000 	C:\Windows\system32\SHLWAPI.dll
0x000007fefde30000 - 0x000007fefebb9000 	C:\Windows\system32\SHELL32.dll
0x000007fef9c00000 - 0x000007fef9c16000 	C:\Windows\system32\NETAPI32.dll
0x000007fef9bf0000 - 0x000007fef9bfc000 	C:\Windows\system32\netutils.dll
0x000007fefc5f0000 - 0x000007fefc613000 	C:\Windows\system32\srvcli.dll
0x000007fef9bd0000 - 0x000007fef9be5000 	C:\Windows\system32\wkscli.dll
0x000007fefd890000 - 0x000007fefd8dd000 	C:\Windows\system32\WS2_32.dll
0x000007fefde20000 - 0x000007fefde28000 	C:\Windows\system32\NSI.dll
0x00000000019b0000 - 0x0000000001a32000 	C:\Program Files\MATLAB\R2009a\bin\win64\mcr.dll
0x0000000001a50000 - 0x0000000001ab2000 	C:\Program Files\MATLAB\R2009a\bin\win64\iqm.dll
0x0000000001ad0000 - 0x00000000023b7000 	C:\Program Files\MATLAB\R2009a\bin\win64\m_interpreter.dll
0x00000000023d0000 - 0x00000000023df000 	C:\Program Files\MATLAB\R2009a\bin\win64\libmex.dll
0x00000000023f0000 - 0x0000000002480000 	C:\Program Files\MATLAB\R2009a\bin\win64\m_dispatcher.dll
0x0000000002490000 - 0x00000000024b5000 	C:\Program Files\MATLAB\R2009a\bin\win64\datasvcs.dll
0x0000000012000000 - 0x0000000012295000 	C:\Program Files\MATLAB\R2009a\bin\win64\xerces-c_2_7.dll
0x00000000024e0000 - 0x00000000025d1000 	C:\Program Files\MATLAB\R2009a\bin\win64\boost_regex-vc80-mt-1_36.dll
0x00000000025f0000 - 0x0000000002681000 	C:\Program Files\MATLAB\R2009a\bin\win64\profiler.dll
0x00000000026a0000 - 0x00000000026ca000 	C:\Program Files\MATLAB\R2009a\bin\win64\libmwmathrng.dll
0x00000000026e0000 - 0x00000000026fa000 	C:\Program Files\MATLAB\R2009a\bin\win64\m_pcodeio.dll
0x0000000002710000 - 0x000000000275d000 	C:\Program Files\MATLAB\R2009a\bin\win64\m_ir.dll
0x0000000002770000 - 0x0000000002d76000 	C:\Program Files\MATLAB\R2009a\bin\win64\m_parser.dll
0x0000000002d90000 - 0x0000000002da4000 	C:\Program Files\MATLAB\R2009a\bin\win64\ir_xfmr.dll
0x0000000002dc0000 - 0x0000000003041000 	C:\Program Files\MATLAB\R2009a\bin\win64\mcos.dll
0x0000000003060000 - 0x000000000306c000 	C:\Program Files\MATLAB\R2009a\bin\win64\mtok.dll
0x0000000003080000 - 0x00000000030a0000 	C:\Program Files\MATLAB\R2009a\bin\win64\m_pcodegen.dll
0x000007fef5f80000 - 0x000007fef60a5000 	C:\Windows\system32\dbghelp.dll
0x00000000030b0000 - 0x00000000030d4000 	C:\Program Files\MATLAB\R2009a\bin\win64\bridge.dll
0x00000000030f0000 - 0x00000000031b0000 	C:\Program Files\MATLAB\R2009a\bin\win64\udd.dll
0x00000000031c0000 - 0x0000000003317000 	C:\Program Files\MATLAB\R2009a\bin\win64\libmwgui.dll
0x0000000003330000 - 0x0000000003615000 	C:\Program Files\MATLAB\R2009a\bin\win64\hg.dll
0x0000000003630000 - 0x0000000003662000 	C:\Program Files\MATLAB\R2009a\bin\win64\libmat.dll
0x0000000003680000 - 0x000000000386e000 	C:\Program Files\MATLAB\R2009a\bin\win64\libhdf5.dll
0x0000000003880000 - 0x00000000038e0000 	C:\Program Files\MATLAB\R2009a\bin\win64\jmi.dll
0x00000000038f0000 - 0x0000000003930000 	C:\Program Files\MATLAB\R2009a\bin\win64\libmwhardcopy.dll
0x0000000003940000 - 0x0000000003998000 	C:\Program Files\MATLAB\R2009a\bin\win64\libuij.dll
0x00000000039b0000 - 0x0000000003aa2000 	C:\Program Files\MATLAB\R2009a\bin\win64\libmwmathlinalg.dll
0x0000000003ac0000 - 0x0000000003e6c000 	C:\Program Files\MATLAB\R2009a\bin\win64\libmwmathelem.dll
0x0000000003e80000 - 0x0000000003eec000 	C:\Program Files\MATLAB\R2009a\bin\win64\libmwmathcore.dll
0x0000000003f00000 - 0x0000000003f62000 	C:\Program Files\MATLAB\R2009a\bin\win64\libmwcholmod.dll
0x0000000003f80000 - 0x0000000003f8d000 	C:\Program Files\MATLAB\R2009a\bin\win64\libmwamd.dll
0x0000000003fa0000 - 0x0000000003fac000 	C:\Program Files\MATLAB\R2009a\bin\win64\libmwcolamd.dll
0x0000000003fc0000 - 0x0000000003fd5000 	C:\Program Files\MATLAB\R2009a\bin\win64\libmwblas.dll
0x0000000003ff0000 - 0x0000000004001000 	C:\Program Files\MATLAB\R2009a\bin\win64\libmwbinder.dll
0x0000000004020000 - 0x000000000409d000 	C:\Program Files\MATLAB\R2009a\bin\win64\libmwlapack.dll
0x00000000040b0000 - 0x00000000040eb000 	C:\Program Files\MATLAB\R2009a\bin\win64\libmwrookfastbp.dll
0x0000000004100000 - 0x000000000414c000 	C:\Program Files\MATLAB\R2009a\bin\win64\libmwma57.dll
0x0000000004160000 - 0x000000000427c000 	C:\Program Files\MATLAB\R2009a\bin\win64\libifcoremd.dll
0x0000000004280000 - 0x0000000004550000 	C:\Program Files\MATLAB\R2009a\bin\win64\libmmd.dll
0x0000000004550000 - 0x0000000004560000 	C:\Program Files\MATLAB\R2009a\bin\win64\libmwcsparse.dll
0x0000000004570000 - 0x00000000045de000 	C:\Program Files\MATLAB\R2009a\bin\win64\libmwumfpack.dll
0x00000000045f0000 - 0x00000000046dd000 	C:\Program Files\MATLAB\R2009a\bin\win64\hgdatatypes.dll
0x00000000046f0000 - 0x0000000004934000 	C:\Program Files\MATLAB\R2009a\bin\win64\uiw.dll
0x0000000004950000 - 0x000000000495a000 	C:\Program Files\MATLAB\R2009a\bin\win64\uinone.dll
0x0000000066410000 - 0x00000000665ac000 	C:\Windows\WinSxS\amd64_microsoft.vc80.mfc_1fc8b3b9a1e18e3b_8.0.50727.6195_none_8448b2bd328df189\MFC80.DLL
0x000007fef9260000 - 0x000007fef92d1000 	C:\Windows\system32\WINSPOOL.DRV
0x000007fefd270000 - 0x000007fefd473000 	C:\Windows\system32\ole32.dll
0x000007fefec20000 - 0x000007fefecf7000 	C:\Windows\system32\OLEAUT32.dll
0x0000000004970000 - 0x0000000004a1b000 	C:\Program Files\MATLAB\R2009a\bin\win64\udd_mi.dll
0x0000000004a30000 - 0x0000000004a48000 	C:\Program Files\MATLAB\R2009a\bin\win64\mwoles05.DLL
0x0000000004a60000 - 0x0000000004aca000 	C:\Program Files\MATLAB\R2009a\bin\win64\comcli.dll
0x00000000663f0000 - 0x0000000066410000 	C:\Windows\WinSxS\amd64_microsoft.vc80.atl_1fc8b3b9a1e18e3b_8.0.50727.6195_none_8a1dd9552ed7f8d8\ATL80.DLL
0x0000000004ae0000 - 0x0000000004aee000 	C:\Program Files\MATLAB\R2009a\bin\win64\mlautoregister.dll
0x000007fefcf30000 - 0x000007fefcf5e000 	C:\Windows\system32\IMM32.DLL
0x000007fefda70000 - 0x000007fefdb79000 	C:\Windows\system32\MSCTF.dll
0x0000000069bd0000 - 0x0000000069bdd000 	C:\Windows\WinSxS\amd64_microsoft.vc80.mfcloc_1fc8b3b9a1e18e3b_8.0.50727.6195_none_bc20f59b0bdd1acd\MFC80ENU.DLL
0x000007fefcb80000 - 0x000007fefcb8f000 	C:\Windows\system32\profapi.dll
0x000007fefc9d0000 - 0x000007fefc9df000 	C:\Windows\system32\CRYPTBASE.dll
0x000007fefb0d0000 - 0x000007fefb126000 	C:\Windows\system32\uxtheme.dll
0x000007fefb1c0000 - 0x000007fefb3b4000 	C:\Windows\WinSxS\amd64_microsoft.windows.common-controls_6595b64144ccf1df_6.0.7601.17514_none_fa396087175ac9ac\comctl32.dll
0x000007fefcf60000 - 0x000007fefd137000 	C:\Windows\system32\SETUPAPI.dll
0x000007fefce40000 - 0x000007fefce76000 	C:\Windows\system32\CFGMGR32.dll
0x000007fefcba0000 - 0x000007fefcbba000 	C:\Windows\system32\DEVOBJ.dll
0x000007fefdb80000 - 0x000007fefdc19000 	C:\Windows\system32\CLBCatQ.DLL
0x000007fefb3d0000 - 0x000007fefb4fc000 	C:\Windows\system32\propsys.dll
0x000007fefb190000 - 0x000007fefb1bd000 	C:\Windows\system32\ntmarta.dll
0x000007fefebc0000 - 0x000007fefec12000 	C:\Windows\system32\WLDAP32.dll
0x000007fefa980000 - 0x000007fefa9a7000 	C:\Windows\system32\iphlpapi.dll
0x000007fefa950000 - 0x000007fefa95b000 	C:\Windows\system32\WINNSI.DLL
0x000007fefc190000 - 0x000007fefc1eb000 	C:\Windows\system32\DNSAPI.dll
0x000007fefa720000 - 0x000007fefa738000 	C:\Windows\system32\dhcpcsvc.DLL
0x000007fefa700000 - 0x000007fefa711000 	C:\Windows\system32\dhcpcsvc6.DLL
0x00000000698d0000 - 0x00000000698d3000 	C:\Windows\system32\icmp.Dll
0x000000000f810000 - 0x000000000fdba000 	C:\Program Files\MATLAB\R2009a\sys\java\jre\win64\jre\bin\server\jvm.dll
0x000007fefab50000 - 0x000007fefab8b000 	C:\Windows\system32\WINMM.dll
0x00000000078e0000 - 0x00000000078ea000 	C:\Program Files\MATLAB\R2009a\sys\java\jre\win64\jre\bin\hpi.dll
0x0000000007e60000 - 0x0000000007e6e000 	C:\Program Files\MATLAB\R2009a\sys\java\jre\win64\jre\bin\verify.dll
0x0000000007e70000 - 0x0000000007e97000 	C:\Program Files\MATLAB\R2009a\sys\java\jre\win64\jre\bin\java.dll
0x0000000007ea0000 - 0x0000000007eb2000 	C:\Program Files\MATLAB\R2009a\sys\java\jre\win64\jre\bin\zip.dll
0x000007fefa900000 - 0x000007fefa918000 	C:\Windows\system32\dwmapi.dll
0x0000000008030000 - 0x0000000008051000 	C:\Program Files\MATLAB\R2009a\bin\win64\nativejava.dll
0x00000000093a0000 - 0x00000000093c8000 	C:\Program Files\MATLAB\R2009a\bin\win64\nativejmi.dll
0x00000000093e0000 - 0x00000000093e7000 	C:\Program Files\MATLAB\R2009a\bin\win64\nativeservices.dll

VM Arguments:
jvm_args: -Xss512k -XX:PermSize=32m -Xms64m -XX:NewRatio=3 -XX:MaxPermSize=128m -Xmx196m -XX:MaxDirectMemorySize=2147400000 -Dsun.java2d.noddraw=true -Dsun.awt.nopixfmt=true -Xshare:off -Xrs -Djava.library.path=C:\Program Files\MATLAB\R2009a\bin\win64 vfprintf abort 
java_command: <unknown>
Launcher Type: generic

Environment Variables:
PATH=C:\Program Files\Common Files\Microsoft Shared\Windows Live;C:\Program Files (x86)\Common Files\Microsoft Shared\Windows Live;C:\ProgramData\Oracle\Java\javapath;C:\Windows\system32;C:\Windows;C:\Windows\System32\Wbem;C:\Windows\System32\WindowsPowerShell\v1.0\;C:\Program Files (x86)\Intel\OpenCL SDK\2.0\bin\x86;C:\Program Files (x86)\Intel\OpenCL SDK\2.0\bin\x64;C:\Program Files\MATLAB\R2009a\bin;C:\Program Files\MATLAB\R2009a\bin\win64;C:\Program Files\Microsoft\Web Platform Installer\;C:\Program Files (x86)\Microsoft ASP.NET\ASP.NET Web Pages\v1.0\;C:\Program Files\Microsoft SQL Server\110\Tools\Binn\;c:\Program Files (x86)\Microsoft SQL Server\100\Tools\Binn\;c:\Program Files\Microsoft SQL Server\100\Tools\Binn\;c:\Program Files\Microsoft SQL Server\100\DTS\Binn\;C:\Program Files (x86)\Windows Kits\8.1\Windows Performance Toolkit\;C:\Program Files (x86)\Microsoft SDKs\TypeScript\1.0\;C:\Cadence\SPB_16.3\tools\pcb\bin;C:\Cadence\SPB_16.3\tools\specctra\bin;C:\Cadence\SPB_16.3\tools\fet\bin;C:\Cadence\SPB_16.3\tools\PSpice;C:\Cadence\SPB_16.3\tools\PSpice\Library;C:\Cadence\SPB_16.3\tools\Capture;C:\Cadence\SPB_16.3\tools\bin;C:\Cadence\SPB_16.3\OpenAccess\bin\win32\opt;C:\OrCAD\OrCAD_10.5\tools\pcb\bin;C:\OrCAD\OrCAD_10.5\tools\fet\bin;C:\OrCAD\OrCAD_10.5\tools\specctra\bin;C:\OrCAD\OrCAD_10.5\tools\bin;C:\OrCAD\OrCAD_10.5\tools\PSpice\Library;C:\OrCAD\OrCAD_10.5\tools\Capture;C:\Program Files (x86)\Windows Live\Shared;C:\Program Files\MiKTeX 2.9\miktex\bin\x64\;C:\Program Files\Common Files\Autodesk Shared\;C:\Program Files (x86)\Autodesk\Backburner\;C:\Program Files (x86)\Nmap
USERNAME=root
OS=Windows_NT
PROCESSOR_IDENTIFIER=Intel64 Family 6 Model 58 Stepping 9, GenuineIntel



---------------  S Y S T E M  ---------------

OS: Windows NT 6.1 Build 7601 Service Pack 1

CPU:total 4 (8 cores per cpu, 2 threads per core) family 6 model 10 stepping 9, cmov, cx8, fxsr, mmx, sse, sse2, sse3, ssse3, ht

Memory: 4k page, physical 8293068k(4968028k free), swap 16584280k(11945596k free)

vm_info: Java HotSpot(TM) 64-Bit Server VM (10.0-b19) for windows-amd64 JRE (1.6.0_04-b12), built on Dec 14 2007 00:44:23 by "java_re" with MS VC++ 8.0

time: Sun Jun 14 10:43:03 2015
elapsed time: 5208 seconds

