#
# An unexpected error has been detected by Java Runtime Environment:
#
#  EXCEPTION_ACCESS_VIOLATION (0xc0000005) at pc=0x0000000011b42ca0, pid=5156, tid=3500
#
# Java VM: Java HotSpot(TM) 64-Bit Server VM (10.0-b19 mixed mode windows-amd64)
# Problematic frame:
# C  [awt.dll+0xe2ca0]
#
# If you would like to submit a bug report, please visit:
#   http://java.sun.com/webapps/bugreport/crash.jsp
# The crash happened outside the Java Virtual Machine in native code.
# See problematic frame for where to report the bug.
#

---------------  T H R E A D  ---------------

Current thread (0x0000000031d86000):  JavaThread "AWT-EventQueue-0" [_thread_in_native, id=3500, stack(0x0000000032650000,0x00000000326d0000)]

siginfo: ExceptionCode=0xc0000005, reading address 0x0000000000000008

Registers:
EAX=0x000000000000000d, EBX=0x0000000031d86198, ECX=0x0000000000000000, EDX=0xffffffff99011801
ESP=0x00000000326ce3f8, EBP=0x00000000118aa430, ESI=0x0000000031d86198, EDI=0x0000000032974990
EIP=0x0000000011b42ca0, EFLAGS=0x0000000000010206

Top of Stack: (sp=0x00000000326ce3f8)
0x00000000326ce3f8:   0000000011ae07fc 0000000000000000
0x00000000326ce408:   0000000031d86198 00000000118aa430
0x00000000326ce418:   0000000031d86198 0000000000000000
0x00000000326ce428:   0000000031d86198 0000000000000000
0x00000000326ce438:   0000000011abddb0 0000000031d86198
0x00000000326ce448:   00000000326ceaf0 00000000326ceac8
0x00000000326ce458:   00000000118aa430 00000000225b5130
0x00000000326ce468:   0000000011adb631 0000000000001400
0x00000000326ce478:   00000000326cead0 0000000000000000
0x00000000326ce488:   00000000326ceac8 0000000000000000
0x00000000326ce498:   0000000000000000 0000000000000000
0x00000000326ce4a8:   0000000000000003 00000000225b5130
0x00000000326ce4b8:   0000000000000000 0000000000000000
0x00000000326ce4c8:   000007fefbed1aa0 0000000000000000
0x00000000326ce4d8:   0000000a00000009 00000000269bb528
0x00000000326ce4e8:   0000000400000000 0000000000000000 

Instructions: (pc=0x0000000011b42ca0)
0x0000000011b42c90:   48 8b 41 08 48 8b 80 18 0c 00 00 c3 cc cc cc cc
0x0000000011b42ca0:   48 8b 49 08 48 85 c9 74 05 e9 c2 1a fe ff 33 c0 


Stack: [0x0000000032650000,0x00000000326d0000],  sp=0x00000000326ce3f8,  free space=504k
Native frames: (J=compiled Java code, j=interpreted, Vv=VM code, C=native code)
C  [awt.dll+0xe2ca0]

Java frames: (J=compiled Java code, j=interpreted, Vv=VM code)
J  sun.java2d.windows.GDIBlitLoops.nativeBlit(Lsun/java2d/SurfaceData;Lsun/java2d/SurfaceData;Lsun/java2d/pipe/Region;IIIIIIIIIZ)V
J  sun.java2d.windows.GDIBlitLoops.Blit(Lsun/java2d/SurfaceData;Lsun/java2d/SurfaceData;Ljava/awt/Composite;Lsun/java2d/pipe/Region;IIIIII)V
J  sun.java2d.pipe.DrawImage.copyImage(Lsun/java2d/SunGraphics2D;Ljava/awt/Image;IILjava/awt/Color;Ljava/awt/image/ImageObserver;)Z
v  ~BufferBlob::Interpreter
J  javax.swing.RepaintManager$PaintManager.paintDoubleBuffered(Ljavax/swing/JComponent;Ljava/awt/Image;Ljava/awt/Graphics;IIII)V
J  javax.swing.RepaintManager$PaintManager.paint(Ljavax/swing/JComponent;Ljavax/swing/JComponent;Ljava/awt/Graphics;IIII)Z
J  javax.swing.BufferStrategyPaintManager.paint(Ljavax/swing/JComponent;Ljavax/swing/JComponent;Ljava/awt/Graphics;IIII)Z
v  ~BufferBlob::Interpreter
J  javax.swing.JComponent._paintImmediately(IIII)V
J  javax.swing.RepaintManager.paintDirtyRegions(Ljava/util/Map;)V
v  ~BufferBlob::Interpreter
v  ~BufferBlob::Interpreter
v  ~BufferBlob::Interpreter
J  java.awt.EventDispatchThread.pumpOneEventForFilters(I)Z
J  java.awt.EventDispatchThread.pumpEventsForFilter(ILjava/awt/Conditional;Ljava/awt/EventFilter;)V
v  ~BufferBlob::Interpreter
v  ~BufferBlob::Interpreter
v  ~BufferBlob::Interpreter
v  ~BufferBlob::Interpreter
v  ~BufferBlob::StubRoutines (1)

---------------  P R O C E S S  ---------------

Java Threads: ( => current thread )
  0x0000000033481400 JavaThread "Thread-4256" [_thread_blocked, id=5124, stack(0x0000000010430000,0x00000000104b0000)]
  0x0000000033482800 JavaThread "Thread-3551" [_thread_blocked, id=4536, stack(0x00000000100f0000,0x0000000010170000)]
  0x0000000033483800 JavaThread "Timer queue for AWT thread" daemon [_thread_blocked, id=6212, stack(0x0000000010630000,0x00000000106b0000)]
  0x0000000033481000 JavaThread "Foxtrot Single Worker Thread #1" daemon [_thread_blocked, id=2404, stack(0x0000000010170000,0x00000000101f0000)]
  0x0000000033480000 JavaThread "Thread-2505" [_thread_blocked, id=4340, stack(0x000000000b230000,0x000000000b2b0000)]
  0x0000000032cc5c00 JavaThread "Thread-2455" [_thread_blocked, id=4684, stack(0x000000000ae60000,0x000000000aee0000)]
  0x0000000032ccc000 JavaThread "Thread-2287" [_thread_blocked, id=6900, stack(0x000000000ade0000,0x000000000ae60000)]
  0x0000000032cc8400 JavaThread "Swing-Shell" daemon [_thread_blocked, id=5672, stack(0x000000000b430000,0x000000000b4b0000)]
  0x0000000032cc9400 JavaThread "Thread-732" [_thread_blocked, id=5456, stack(0x000000000ad40000,0x000000000adc0000)]
  0x0000000032ccb400 JavaThread "Thread-723" [_thread_blocked, id=5204, stack(0x000000000ac30000,0x000000000acb0000)]
  0x0000000032cca800 JavaThread "Thread-662" [_thread_blocked, id=4352, stack(0x000000000a8a0000,0x000000000a920000)]
  0x0000000032ccac00 JavaThread "Thread-633" [_thread_blocked, id=5268, stack(0x000000000a980000,0x000000000aa00000)]
  0x0000000032cc8c00 JavaThread "Thread-455" [_thread_blocked, id=4860, stack(0x000000000aa00000,0x000000000aa80000)]
  0x0000000032cca000 JavaThread "Timer-MWTextView caret" [_thread_blocked, id=3600, stack(0x000000000abb0000,0x000000000ac30000)]
  0x0000000032cc9800 JavaThread "Thread-228" [_thread_blocked, id=5628, stack(0x000000000b3b0000,0x000000000b430000)]
  0x0000000032cc7800 JavaThread "Active Reference Queue Daemon" daemon [_thread_blocked, id=6056, stack(0x000000000a730000,0x000000000a7b0000)]
  0x0000000032cc7000 JavaThread "Timer-19" daemon [_thread_blocked, id=4884, stack(0x000000000a6b0000,0x000000000a730000)]
  0x0000000032cc7c00 JavaThread "Prefs Updater" [_thread_blocked, id=2760, stack(0x000000000a7b0000,0x000000000a830000)]
  0x0000000032cc6400 JavaThread "Timer-8" daemon [_thread_blocked, id=3908, stack(0x00000000340b0000,0x0000000034130000)]
  0x00000000328edc00 JavaThread "Timer-1" [_thread_blocked, id=5184, stack(0x0000000033a70000,0x0000000033af0000)]
  0x0000000031a00800 JavaThread "TimerQueue" daemon [_thread_blocked, id=5600, stack(0x00000000326f0000,0x0000000032770000)]
=>0x0000000031d86000 JavaThread "AWT-EventQueue-0" [_thread_in_native, id=3500, stack(0x0000000032650000,0x00000000326d0000)]
  0x000000001152fc00 JavaThread "AWT-Shutdown" [_thread_blocked, id=5632, stack(0x0000000011c80000,0x0000000011d00000)]
  0x0000000031c6d000 JavaThread "AWT-Windows" daemon [_thread_in_native, id=4348, stack(0x0000000011d00000,0x0000000011d80000)]
  0x0000000004bff800 JavaThread "Java2D Disposer" daemon [_thread_blocked, id=5592, stack(0x0000000011c00000,0x0000000011c80000)]
  0x000000000feff400 JavaThread "Timer-0" [_thread_blocked, id=5684, stack(0x0000000011920000,0x00000000119a0000)]
  0x000000001154d800 JavaThread "JMI Unnamed Thread" [_thread_in_native, id=5544, stack(0x000000000b5f0000,0x000000000c5f0000)]
  0x000000000fe81400 JavaThread "Low Memory Detector" daemon [_thread_blocked, id=5208, stack(0x00000000114a0000,0x0000000011520000)]
  0x000000000fe77000 JavaThread "CompilerThread1" daemon [_thread_blocked, id=4468, stack(0x000000002f6a0000,0x00000000306a0000)]
  0x000000000fe6f400 JavaThread "CompilerThread0" daemon [_thread_blocked, id=5104, stack(0x000000002e6a0000,0x000000002f6a0000)]
  0x000000000fe6e000 JavaThread "Attach Listener" daemon [_thread_blocked, id=3076, stack(0x0000000011420000,0x00000000114a0000)]
  0x000000000fe4b400 JavaThread "Finalizer" daemon [_thread_blocked, id=3436, stack(0x00000000113a0000,0x0000000011420000)]
  0x000000000fe45400 JavaThread "Reference Handler" daemon [_thread_blocked, id=1728, stack(0x0000000008080000,0x0000000008100000)]
  0x0000000004cef400 JavaThread "main" [_thread_in_native, id=5236, stack(0x0000000000030000,0x0000000001030000)]

Other Threads:
  0x000000000fe40800 VMThread [stack: 0x000000002d6a0000,0x000000002e6a0000] [id=5388]
  0x0000000004b48800 WatcherThread [stack: 0x00000000306a0000,0x00000000316a0000] [id=4488]

VM state:not at safepoint (normal execution)

VM Mutex/Monitor currently owned by a thread: None

Heap
 PSYoungGen      total 17728K, used 4515K [0x00000000265a0000, 0x0000000027a20000, 0x00000000296a0000)
  eden space 14720K, 28% used [0x00000000265a0000,0x00000000269c0f08,0x0000000027400000)
  from space 3008K, 9% used [0x0000000027730000,0x0000000027778000,0x0000000027a20000)
  to   space 3136K, 0% used [0x0000000027400000,0x0000000027400000,0x0000000027710000)
 PSOldGen        total 130816K, used 120896K [0x000000001d2a0000, 0x0000000025260000, 0x00000000265a0000)
  object space 130816K, 92% used [0x000000001d2a0000,0x00000000248b01b8,0x0000000025260000)
 PSPermGen       total 66304K, used 65084K [0x00000000152a0000, 0x0000000019360000, 0x000000001d2a0000)
  object space 66304K, 98% used [0x00000000152a0000,0x000000001922f0c0,0x0000000019360000)

Dynamic libraries:
0x0000000140000000 - 0x0000000140032000 	C:\Program Files\MATLAB\R2009a\bin\win64\MATLAB.exe
0x0000000077ba0000 - 0x0000000077d49000 	C:\Windows\SYSTEM32\ntdll.dll
0x0000000077980000 - 0x0000000077a9f000 	C:\Windows\system32\kernel32.dll
0x000007fefdbe0000 - 0x000007fefdc4c000 	C:\Windows\system32\KERNELBASE.dll
0x0000000180000000 - 0x0000000180406000 	C:\Program Files\MATLAB\R2009a\bin\win64\libut.dll
0x000007fefe370000 - 0x000007fefe389000 	C:\Windows\system32\imagehlp.dll
0x000007fefe740000 - 0x000007fefe7df000 	C:\Windows\system32\msvcrt.dll
0x000007feff6b0000 - 0x000007feff78b000 	C:\Windows\system32\ADVAPI32.dll
0x000007feff580000 - 0x000007feff59f000 	C:\Windows\SYSTEM32\sechost.dll
0x000007feff790000 - 0x000007feff8bd000 	C:\Windows\system32\RPCRT4.dll
0x0000000077d70000 - 0x0000000077d77000 	C:\Windows\system32\PSAPI.DLL
0x0000000001060000 - 0x0000000001088000 	C:\Program Files\MATLAB\R2009a\bin\win64\LIBEXPAT.dll
0x0000000074c40000 - 0x0000000074d09000 	C:\Windows\WinSxS\amd64_microsoft.vc80.crt_1fc8b3b9a1e18e3b_8.0.50727.6229_none_88dcc0bf2fb1b808\MSVCR80.dll
0x000000004a800000 - 0x000000004a923000 	C:\Program Files\MATLAB\R2009a\bin\win64\icuuc38.dll
0x000000004ad00000 - 0x000000004ad03000 	C:\Program Files\MATLAB\R2009a\bin\win64\icudt38.dll
0x000000004ab00000 - 0x000000004ab0f000 	C:\Program Files\MATLAB\R2009a\bin\win64\icuio38.dll
0x0000000001230000 - 0x000000000136a000 	C:\Program Files\MATLAB\R2009a\bin\win64\icuin38.dll
0x0000000061dc0000 - 0x0000000061ec9000 	C:\Windows\WinSxS\amd64_microsoft.vc80.crt_1fc8b3b9a1e18e3b_8.0.50727.6229_none_88dcc0bf2fb1b808\MSVCP80.dll
0x0000000077aa0000 - 0x0000000077b9a000 	C:\Windows\system32\USER32.dll
0x000007feffa90000 - 0x000007feffaf7000 	C:\Windows\system32\GDI32.dll
0x000007fefe730000 - 0x000007fefe73e000 	C:\Windows\system32\LPK.dll
0x000007fefe390000 - 0x000007fefe459000 	C:\Windows\system32\USP10.dll
0x0000000001380000 - 0x00000000013ee000 	C:\Program Files\MATLAB\R2009a\bin\win64\libmwfl.dll
0x0000000001400000 - 0x000000000140f000 	C:\Program Files\MATLAB\R2009a\bin\win64\boost_date_time-vc80-mt-1_36.dll
0x0000000001420000 - 0x0000000001436000 	C:\Program Files\MATLAB\R2009a\bin\win64\boost_signals-vc80-mt-1_36.dll
0x0000000001450000 - 0x0000000001459000 	C:\Program Files\MATLAB\R2009a\bin\win64\boost_system-vc80-mt-1_36.dll
0x0000000001470000 - 0x0000000001481000 	C:\Program Files\MATLAB\R2009a\bin\win64\boost_thread-vc80-mt-1_36.dll
0x00000000014a0000 - 0x00000000016d7000 	C:\Program Files\MATLAB\R2009a\bin\win64\libmwservices.dll
0x00000000016f0000 - 0x0000000001761000 	C:\Program Files\MATLAB\R2009a\bin\win64\libmx.dll
0x0000000001780000 - 0x0000000001797000 	C:\Program Files\MATLAB\R2009a\bin\win64\zlib1.dll
0x00000000017a0000 - 0x00000000018c5000 	C:\Program Files\MATLAB\R2009a\bin\win64\libmwmathutil.dll
0x00000000018e0000 - 0x0000000001935000 	C:\Program Files\MATLAB\R2009a\bin\win64\mpath.dll
0x0000000001950000 - 0x000000000199f000 	C:\Program Files\MATLAB\R2009a\bin\win64\mlutil.dll
0x0000000010000000 - 0x0000000010049000 	C:\Program Files\MATLAB\R2009a\bin\win64\tbb.dll
0x000007fef6a50000 - 0x000007fef6af0000 	C:\Windows\WinSxS\amd64_microsoft.windows.common-controls_6595b64144ccf1df_5.82.7601.18201_none_a4d3b9377117c3df\COMCTL32.dll
0x000007feffb00000 - 0x000007feffb97000 	C:\Windows\system32\comdlg32.dll
0x000007feffe30000 - 0x000007feffea1000 	C:\Windows\system32\SHLWAPI.dll
0x000007fefe7e0000 - 0x000007feff569000 	C:\Windows\system32\SHELL32.dll
0x000007fefa9f0000 - 0x000007fefaa06000 	C:\Windows\system32\NETAPI32.dll
0x000007fefa9e0000 - 0x000007fefa9ec000 	C:\Windows\system32\netutils.dll
0x000007fefd3e0000 - 0x000007fefd403000 	C:\Windows\system32\srvcli.dll
0x000007fefa9c0000 - 0x000007fefa9d5000 	C:\Windows\system32\wkscli.dll
0x000007feffa40000 - 0x000007feffa8d000 	C:\Windows\system32\WS2_32.dll
0x000007feff570000 - 0x000007feff578000 	C:\Windows\system32\NSI.dll
0x00000000019b0000 - 0x0000000001a32000 	C:\Program Files\MATLAB\R2009a\bin\win64\mcr.dll
0x0000000001a50000 - 0x0000000001ab2000 	C:\Program Files\MATLAB\R2009a\bin\win64\iqm.dll
0x0000000001ad0000 - 0x00000000023b7000 	C:\Program Files\MATLAB\R2009a\bin\win64\m_interpreter.dll
0x00000000023d0000 - 0x00000000023df000 	C:\Program Files\MATLAB\R2009a\bin\win64\libmex.dll
0x00000000023f0000 - 0x0000000002480000 	C:\Program Files\MATLAB\R2009a\bin\win64\m_dispatcher.dll
0x0000000002490000 - 0x00000000024b5000 	C:\Program Files\MATLAB\R2009a\bin\win64\datasvcs.dll
0x0000000012000000 - 0x0000000012295000 	C:\Program Files\MATLAB\R2009a\bin\win64\xerces-c_2_7.dll
0x00000000024e0000 - 0x00000000025d1000 	C:\Program Files\MATLAB\R2009a\bin\win64\boost_regex-vc80-mt-1_36.dll
0x00000000025f0000 - 0x0000000002681000 	C:\Program Files\MATLAB\R2009a\bin\win64\profiler.dll
0x00000000026a0000 - 0x00000000026ca000 	C:\Program Files\MATLAB\R2009a\bin\win64\libmwmathrng.dll
0x00000000026e0000 - 0x00000000026fa000 	C:\Program Files\MATLAB\R2009a\bin\win64\m_pcodeio.dll
0x0000000002710000 - 0x000000000275d000 	C:\Program Files\MATLAB\R2009a\bin\win64\m_ir.dll
0x0000000002770000 - 0x0000000002d76000 	C:\Program Files\MATLAB\R2009a\bin\win64\m_parser.dll
0x0000000002d90000 - 0x0000000002da4000 	C:\Program Files\MATLAB\R2009a\bin\win64\ir_xfmr.dll
0x0000000002dc0000 - 0x0000000003041000 	C:\Program Files\MATLAB\R2009a\bin\win64\mcos.dll
0x0000000003060000 - 0x000000000306c000 	C:\Program Files\MATLAB\R2009a\bin\win64\mtok.dll
0x0000000003080000 - 0x00000000030a0000 	C:\Program Files\MATLAB\R2009a\bin\win64\m_pcodegen.dll
0x000007fef3fa0000 - 0x000007fef40c5000 	C:\Windows\system32\dbghelp.dll
0x00000000030b0000 - 0x00000000030d4000 	C:\Program Files\MATLAB\R2009a\bin\win64\bridge.dll
0x00000000030f0000 - 0x00000000031b0000 	C:\Program Files\MATLAB\R2009a\bin\win64\udd.dll
0x00000000031c0000 - 0x0000000003317000 	C:\Program Files\MATLAB\R2009a\bin\win64\libmwgui.dll
0x0000000003330000 - 0x0000000003615000 	C:\Program Files\MATLAB\R2009a\bin\win64\hg.dll
0x0000000003630000 - 0x0000000003662000 	C:\Program Files\MATLAB\R2009a\bin\win64\libmat.dll
0x0000000003680000 - 0x000000000386e000 	C:\Program Files\MATLAB\R2009a\bin\win64\libhdf5.dll
0x0000000003880000 - 0x00000000038e0000 	C:\Program Files\MATLAB\R2009a\bin\win64\jmi.dll
0x00000000038f0000 - 0x0000000003930000 	C:\Program Files\MATLAB\R2009a\bin\win64\libmwhardcopy.dll
0x0000000003940000 - 0x0000000003998000 	C:\Program Files\MATLAB\R2009a\bin\win64\libuij.dll
0x00000000039b0000 - 0x0000000003aa2000 	C:\Program Files\MATLAB\R2009a\bin\win64\libmwmathlinalg.dll
0x0000000003ac0000 - 0x0000000003e6c000 	C:\Program Files\MATLAB\R2009a\bin\win64\libmwmathelem.dll
0x0000000003e80000 - 0x0000000003eec000 	C:\Program Files\MATLAB\R2009a\bin\win64\libmwmathcore.dll
0x0000000003f00000 - 0x0000000003f62000 	C:\Program Files\MATLAB\R2009a\bin\win64\libmwcholmod.dll
0x0000000003f80000 - 0x0000000003f8d000 	C:\Program Files\MATLAB\R2009a\bin\win64\libmwamd.dll
0x0000000003fa0000 - 0x0000000003fac000 	C:\Program Files\MATLAB\R2009a\bin\win64\libmwcolamd.dll
0x0000000003fc0000 - 0x0000000003fd5000 	C:\Program Files\MATLAB\R2009a\bin\win64\libmwblas.dll
0x0000000003ff0000 - 0x0000000004001000 	C:\Program Files\MATLAB\R2009a\bin\win64\libmwbinder.dll
0x0000000004020000 - 0x000000000409d000 	C:\Program Files\MATLAB\R2009a\bin\win64\libmwlapack.dll
0x00000000040b0000 - 0x00000000040eb000 	C:\Program Files\MATLAB\R2009a\bin\win64\libmwrookfastbp.dll
0x0000000004100000 - 0x000000000414c000 	C:\Program Files\MATLAB\R2009a\bin\win64\libmwma57.dll
0x0000000004160000 - 0x000000000427c000 	C:\Program Files\MATLAB\R2009a\bin\win64\libifcoremd.dll
0x0000000004280000 - 0x0000000004550000 	C:\Program Files\MATLAB\R2009a\bin\win64\libmmd.dll
0x0000000004550000 - 0x0000000004560000 	C:\Program Files\MATLAB\R2009a\bin\win64\libmwcsparse.dll
0x0000000004570000 - 0x00000000045de000 	C:\Program Files\MATLAB\R2009a\bin\win64\libmwumfpack.dll
0x00000000045f0000 - 0x00000000046dd000 	C:\Program Files\MATLAB\R2009a\bin\win64\hgdatatypes.dll
0x00000000046f0000 - 0x0000000004934000 	C:\Program Files\MATLAB\R2009a\bin\win64\uiw.dll
0x0000000004950000 - 0x000000000495a000 	C:\Program Files\MATLAB\R2009a\bin\win64\uinone.dll
0x0000000061c20000 - 0x0000000061dbc000 	C:\Windows\WinSxS\amd64_microsoft.vc80.mfc_1fc8b3b9a1e18e3b_8.0.50727.6195_none_8448b2bd328df189\MFC80.DLL
0x000007fefa050000 - 0x000007fefa0c1000 	C:\Windows\system32\WINSPOOL.DRV
0x000007fefdf10000 - 0x000007fefe113000 	C:\Windows\system32\ole32.dll
0x000007feff960000 - 0x000007feffa37000 	C:\Windows\system32\OLEAUT32.dll
0x0000000004970000 - 0x0000000004a1b000 	C:\Program Files\MATLAB\R2009a\bin\win64\udd_mi.dll
0x0000000004a30000 - 0x0000000004a48000 	C:\Program Files\MATLAB\R2009a\bin\win64\mwoles05.DLL
0x0000000004a60000 - 0x0000000004aca000 	C:\Program Files\MATLAB\R2009a\bin\win64\comcli.dll
0x000000006a180000 - 0x000000006a1a0000 	C:\Windows\WinSxS\amd64_microsoft.vc80.atl_1fc8b3b9a1e18e3b_8.0.50727.6195_none_8a1dd9552ed7f8d8\ATL80.DLL
0x0000000004ae0000 - 0x0000000004aee000 	C:\Program Files\MATLAB\R2009a\bin\win64\mlautoregister.dll
0x000007feffe00000 - 0x000007feffe2e000 	C:\Windows\system32\IMM32.DLL
0x000007feff5a0000 - 0x000007feff6a9000 	C:\Windows\system32\MSCTF.dll
0x0000000074bc0000 - 0x0000000074bcd000 	C:\Windows\WinSxS\amd64_microsoft.vc80.mfcloc_1fc8b3b9a1e18e3b_8.0.50727.6195_none_bc20f59b0bdd1acd\MFC80ENU.DLL
0x000007fefd960000 - 0x000007fefd96f000 	C:\Windows\system32\profapi.dll
0x000007fefd7c0000 - 0x000007fefd7cf000 	C:\Windows\system32\CRYPTBASE.dll
0x000007fefbed0000 - 0x000007fefbf26000 	C:\Windows\system32\uxtheme.dll
0x000007fefbf30000 - 0x000007fefc124000 	C:\Windows\WinSxS\amd64_microsoft.windows.common-controls_6595b64144ccf1df_6.0.7601.17514_none_fa396087175ac9ac\comctl32.dll
0x000007feffba0000 - 0x000007feffd77000 	C:\Windows\system32\SETUPAPI.dll
0x000007fefdca0000 - 0x000007fefdcd6000 	C:\Windows\system32\CFGMGR32.dll
0x000007fefdba0000 - 0x000007fefdbba000 	C:\Windows\system32\DEVOBJ.dll
0x000007feff8c0000 - 0x000007feff959000 	C:\Windows\system32\CLBCatQ.DLL
0x000007fefc1b0000 - 0x000007fefc2dc000 	C:\Windows\system32\propsys.dll
0x000007fefc130000 - 0x000007fefc15d000 	C:\Windows\system32\ntmarta.dll
0x000007fefdeb0000 - 0x000007fefdf02000 	C:\Windows\system32\WLDAP32.dll
0x000007fefb7a0000 - 0x000007fefb7c7000 	C:\Windows\system32\iphlpapi.dll
0x000007fefb740000 - 0x000007fefb74b000 	C:\Windows\system32\WINNSI.DLL
0x000007fefcf80000 - 0x000007fefcfdb000 	C:\Windows\system32\DNSAPI.dll
0x000007fefb550000 - 0x000007fefb568000 	C:\Windows\system32\dhcpcsvc.DLL
0x000007fefb4f0000 - 0x000007fefb501000 	C:\Windows\system32\dhcpcsvc6.DLL
0x000000006d0a0000 - 0x000000006d0a3000 	C:\Windows\system32\icmp.Dll
0x000000000f7f0000 - 0x000000000fd9a000 	C:\Program Files\MATLAB\R2009a\sys\java\jre\win64\jre\bin\server\jvm.dll
0x000007fefb8a0000 - 0x000007fefb8db000 	C:\Windows\system32\WINMM.dll
0x0000000004d50000 - 0x0000000004d5a000 	C:\Program Files\MATLAB\R2009a\sys\java\jre\win64\jre\bin\hpi.dll
0x0000000004f60000 - 0x0000000004f6e000 	C:\Program Files\MATLAB\R2009a\sys\java\jre\win64\jre\bin\verify.dll
0x0000000007580000 - 0x00000000075a7000 	C:\Program Files\MATLAB\R2009a\sys\java\jre\win64\jre\bin\java.dll
0x00000000075b0000 - 0x00000000075c2000 	C:\Program Files\MATLAB\R2009a\sys\java\jre\win64\jre\bin\zip.dll
0x0000000007a00000 - 0x0000000007a21000 	C:\Program Files\MATLAB\R2009a\bin\win64\nativejava.dll
0x0000000009460000 - 0x0000000009488000 	C:\Program Files\MATLAB\R2009a\bin\win64\nativejmi.dll
0x0000000007650000 - 0x0000000007657000 	C:\Program Files\MATLAB\R2009a\bin\win64\nativeservices.dll
0x0000000011a60000 - 0x0000000011bff000 	C:\Program Files\MATLAB\R2009a\sys\java\jre\win64\jre\bin\awt.dll

VM Arguments:
jvm_args: -Xss512k -XX:PermSize=32m -Xms64m -XX:NewRatio=3 -XX:MaxPermSize=128m -Xmx196m -XX:MaxDirectMemorySize=2147400000 -Dsun.java2d.noddraw=true -Dsun.awt.nopixfmt=true -Xshare:off -Xrs -Djava.library.path=C:\Program Files\MATLAB\R2009a\bin\win64 vfprintf abort 
java_command: <unknown>
Launcher Type: generic

Environment Variables:
PATH=C:\Program Files\Common Files\Microsoft Shared\Windows Live;C:\Program Files (x86)\Common Files\Microsoft Shared\Windows Live;C:\ProgramData\Oracle\Java\javapath;C:\Windows\system32;C:\Windows;C:\Windows\System32\Wbem;C:\Windows\System32\WindowsPowerShell\v1.0\;C:\Program Files (x86)\Intel\OpenCL SDK\2.0\bin\x86;C:\Program Files (x86)\Intel\OpenCL SDK\2.0\bin\x64;C:\Program Files\MATLAB\R2009a\bin;C:\Program Files\MATLAB\R2009a\bin\win64;C:\Program Files\Microsoft\Web Platform Installer\;C:\Program Files (x86)\Microsoft ASP.NET\ASP.NET Web Pages\v1.0\;C:\Program Files\Microsoft SQL Server\110\Tools\Binn\;c:\Program Files (x86)\Microsoft SQL Server\100\Tools\Binn\;c:\Program Files\Microsoft SQL Server\100\Tools\Binn\;c:\Program Files\Microsoft SQL Server\100\DTS\Binn\;C:\Program Files (x86)\Windows Kits\8.1\Windows Performance Toolkit\;C:\Program Files (x86)\Microsoft SDKs\TypeScript\1.0\;C:\Cadence\SPB_16.3\tools\pcb\bin;C:\Cadence\SPB_16.3\tools\specctra\bin;C:\Cadence\SPB_16.3\tools\fet\bin;C:\Cadence\SPB_16.3\tools\PSpice;C:\Cadence\SPB_16.3\tools\PSpice\Library;C:\Cadence\SPB_16.3\tools\Capture;C:\Cadence\SPB_16.3\tools\bin;C:\Cadence\SPB_16.3\OpenAccess\bin\win32\opt;C:\OrCAD\OrCAD_10.5\tools\pcb\bin;C:\OrCAD\OrCAD_10.5\tools\fet\bin;C:\OrCAD\OrCAD_10.5\tools\specctra\bin;C:\OrCAD\OrCAD_10.5\tools\bin;C:\OrCAD\OrCAD_10.5\tools\PSpice\Library;C:\OrCAD\OrCAD_10.5\tools\Capture;C:\Program Files (x86)\Windows Live\Shared;C:\Program Files\MiKTeX 2.9\miktex\bin\x64\;C:\Program Files\Common Files\Autodesk Shared\;C:\Program Files (x86)\Autodesk\Backburner\;C:\Program Files (x86)\Nmap
USERNAME=root
OS=Windows_NT
PROCESSOR_IDENTIFIER=Intel64 Family 6 Model 58 Stepping 9, GenuineIntel



---------------  S Y S T E M  ---------------

OS: Windows NT 6.1 Build 7601 Service Pack 1

CPU:total 4 (8 cores per cpu, 2 threads per core) family 6 model 10 stepping 9, cmov, cx8, fxsr, mmx, sse, sse2, sse3, ssse3, ht

Memory: 4k page, physical 8293068k(4650880k free), swap 16584280k(11376152k free)

vm_info: Java HotSpot(TM) 64-Bit Server VM (10.0-b19) for windows-amd64 JRE (1.6.0_04-b12), built on Dec 14 2007 00:44:23 by "java_re" with MS VC++ 8.0

time: Sun Jun 07 16:18:14 2015
elapsed time: 99750 seconds

